<?xml version="1.0" ?>
<!DOCTYPE coverage SYSTEM "http://cobertura.sourceforge.net/xml/coverage-04.dtd">
<coverage lines-valid="708" lines-covered="0" line-rate="0" branches-valid="652" branches-covered="0" branch-rate="0" timestamp="1569937833504" complexity="0" version="0.1">
  <sources>
    <source>C:\Users\Rodrigo Fagundes\Documents\Projetos\smartlab-charts</source>
  </sources>
  <packages>
    <package name="smartlab-charts" line-rate="0" branch-rate="0">
      <classes>
        <class name="chartBuilderService.js" filename="chartBuilderService.js" line-rate="0" branch-rate="0">
          <methods>
            <method name="ChartBuilderService" hits="0" signature="()V">
              <lines>
                <line number="18" hits="0"/>
              </lines>
            </method>
            <method name="(anonymous_4)" hits="0" signature="()V">
              <lines>
                <line number="21" hits="0"/>
              </lines>
            </method>
            <method name="(anonymous_5)" hits="0" signature="()V">
              <lines>
                <line number="22" hits="0"/>
              </lines>
            </method>
          </methods>
          <lines>
            <line number="1" hits="0" branch="false"/>
            <line number="2" hits="0" branch="false"/>
            <line number="3" hits="0" branch="false"/>
            <line number="4" hits="0" branch="false"/>
            <line number="5" hits="0" branch="false"/>
            <line number="6" hits="0" branch="false"/>
            <line number="7" hits="0" branch="false"/>
            <line number="9" hits="0" branch="false"/>
            <line number="10" hits="0" branch="false"/>
            <line number="12" hits="0" branch="false"/>
            <line number="13" hits="0" branch="false"/>
            <line number="14" hits="0" branch="false"/>
            <line number="15" hits="0" branch="false"/>
            <line number="18" hits="0" branch="false"/>
            <line number="20" hits="0" branch="true" condition-coverage="0% (0/4)"/>
            <line number="21" hits="0" branch="false"/>
            <line number="22" hits="0" branch="false"/>
            <line number="23" hits="0" branch="false"/>
            <line number="24" hits="0" branch="true" condition-coverage="0% (0/2)"/>
            <line number="25" hits="0" branch="false"/>
            <line number="26" hits="0" branch="false"/>
            <line number="27" hits="0" branch="false"/>
            <line number="30" hits="0" branch="false"/>
            <line number="31" hits="0" branch="false"/>
            <line number="33" hits="0" branch="false"/>
            <line number="34" hits="0" branch="false"/>
            <line number="36" hits="0" branch="false"/>
            <line number="37" hits="0" branch="false"/>
            <line number="39" hits="0" branch="false"/>
            <line number="40" hits="0" branch="false"/>
            <line number="42" hits="0" branch="false"/>
            <line number="43" hits="0" branch="false"/>
            <line number="45" hits="0" branch="false"/>
            <line number="46" hits="0" branch="false"/>
            <line number="48" hits="0" branch="false"/>
            <line number="49" hits="0" branch="false"/>
            <line number="52" hits="0" branch="false"/>
            <line number="53" hits="0" branch="false"/>
            <line number="55" hits="0" branch="false"/>
            <line number="56" hits="0" branch="false"/>
            <line number="59" hits="0" branch="false"/>
            <line number="60" hits="0" branch="false"/>
            <line number="62" hits="0" branch="false"/>
            <line number="63" hits="0" branch="false"/>
            <line number="65" hits="0" branch="false"/>
            <line number="66" hits="0" branch="false"/>
            <line number="68" hits="0" branch="false"/>
            <line number="69" hits="0" branch="false"/>
            <line number="71" hits="0" branch="false"/>
            <line number="73" hits="0" branch="true" condition-coverage="0% (0/2)"/>
            <line number="74" hits="0" branch="false"/>
            <line number="75" hits="0" branch="false"/>
            <line number="76" hits="0" branch="false"/>
            <line number="78" hits="0" branch="false"/>
            <line number="81" hits="0" branch="false"/>
            <line number="88" hits="0" branch="true" condition-coverage="0% (0/4)"/>
            <line number="89" hits="0" branch="true" condition-coverage="0% (0/2)"/>
            <line number="90" hits="0" branch="false"/>
            <line number="91" hits="0" branch="true" condition-coverage="0% (0/2)"/>
            <line number="92" hits="0" branch="false"/>
            <line number="93" hits="0" branch="false"/>
            <line number="98" hits="0" branch="false"/>
          </lines>
        </class>
        <class name="generalChartBuilderService.js" filename="generalChartBuilderService.js" line-rate="0" branch-rate="0">
          <methods>
            <method name="GeneralChartBuilderService" hits="0" signature="()V">
              <lines>
                <line number="4" hits="0"/>
              </lines>
            </method>
          </methods>
          <lines>
            <line number="4" hits="0" branch="false"/>
            <line number="7" hits="0" branch="false"/>
            <line number="8" hits="0" branch="true" condition-coverage="0% (0/7)"/>
            <line number="11" hits="0" branch="false"/>
            <line number="13" hits="0" branch="false"/>
            <line number="17" hits="0" branch="true" condition-coverage="0% (0/4)"/>
            <line number="18" hits="0" branch="false"/>
            <line number="29" hits="0" branch="false"/>
            <line number="37" hits="0" branch="true" condition-coverage="0% (0/12)"/>
            <line number="38" hits="0" branch="false"/>
            <line number="39" hits="0" branch="false"/>
            <line number="40" hits="0" branch="false"/>
            <line number="42" hits="0" branch="false"/>
          </lines>
        </class>
      </classes>
    </package>
    <package name="smartlab-charts.d3" line-rate="0" branch-rate="0">
      <classes>
        <class name="calendarChartBuilderService.js" filename="d3\calendarChartBuilderService.js" line-rate="0" branch-rate="0">
          <methods>
            <method name="CalendarChartBuilderService" hits="0" signature="()V">
              <lines>
                <line number="16" hits="0"/>
              </lines>
            </method>
            <method name="(anonymous_5)" hits="0" signature="()V">
              <lines>
                <line number="44" hits="0"/>
              </lines>
            </method>
            <method name="(anonymous_6)" hits="0" signature="()V">
              <lines>
                <line number="49" hits="0"/>
              </lines>
            </method>
            <method name="(anonymous_7)" hits="0" signature="()V">
              <lines>
                <line number="75" hits="0"/>
              </lines>
            </method>
            <method name="(anonymous_8)" hits="0" signature="()V">
              <lines>
                <line number="83" hits="0"/>
              </lines>
            </method>
            <method name="(anonymous_9)" hits="0" signature="()V">
              <lines>
                <line number="86" hits="0"/>
              </lines>
            </method>
            <method name="(anonymous_10)" hits="0" signature="()V">
              <lines>
                <line number="96" hits="0"/>
              </lines>
            </method>
            <method name="(anonymous_11)" hits="0" signature="()V">
              <lines>
                <line number="97" hits="0"/>
              </lines>
            </method>
            <method name="(anonymous_12)" hits="0" signature="()V">
              <lines>
                <line number="101" hits="0"/>
              </lines>
            </method>
            <method name="(anonymous_13)" hits="0" signature="()V">
              <lines>
                <line number="102" hits="0"/>
              </lines>
            </method>
            <method name="(anonymous_14)" hits="0" signature="()V">
              <lines>
                <line number="106" hits="0"/>
              </lines>
            </method>
            <method name="(anonymous_15)" hits="0" signature="()V">
              <lines>
                <line number="110" hits="0"/>
              </lines>
            </method>
            <method name="monthPath" hits="0" signature="()V">
              <lines>
                <line number="119" hits="0"/>
              </lines>
            </method>
            <method name="(anonymous_17)" hits="0" signature="()V">
              <lines>
                <line number="133" hits="0"/>
              </lines>
            </method>
            <method name="(anonymous_18)" hits="0" signature="()V">
              <lines>
                <line number="134" hits="0"/>
              </lines>
            </method>
            <method name="(anonymous_19)" hits="0" signature="()V">
              <lines>
                <line number="136" hits="0"/>
              </lines>
            </method>
            <method name="(anonymous_20)" hits="0" signature="()V">
              <lines>
                <line number="139" hits="0"/>
              </lines>
            </method>
          </methods>
          <lines>
            <line number="1" hits="0" branch="false"/>
            <line number="16" hits="0" branch="false"/>
            <line number="18" hits="0" branch="true" condition-coverage="0% (0/2)"/>
            <line number="20" hits="0" branch="false"/>
            <line number="21" hits="0" branch="false"/>
            <line number="23" hits="0" branch="false"/>
            <line number="24" hits="0" branch="false"/>
            <line number="25" hits="0" branch="true" condition-coverage="0% (0/2)"/>
            <line number="27" hits="0" branch="false"/>
            <line number="34" hits="0" branch="false"/>
            <line number="35" hits="0" branch="false"/>
            <line number="36" hits="0" branch="false"/>
            <line number="38" hits="0" branch="false"/>
            <line number="39" hits="0" branch="false"/>
            <line number="40" hits="0" branch="false"/>
            <line number="42" hits="0" branch="false"/>
            <line number="44" hits="0" branch="false"/>
            <line number="47" hits="0" branch="false"/>
            <line number="49" hits="0" branch="false"/>
            <line number="50" hits="0" branch="false"/>
            <line number="51" hits="0" branch="false"/>
            <line number="53" hits="0" branch="false"/>
            <line number="54" hits="0" branch="false"/>
            <line number="58" hits="0" branch="true" condition-coverage="0% (0/2)"/>
            <line number="59" hits="0" branch="false"/>
            <line number="60" hits="0" branch="false"/>
            <line number="63" hits="0" branch="false"/>
            <line number="64" hits="0" branch="false"/>
            <line number="70" hits="0" branch="false"/>
            <line number="76" hits="0" branch="false"/>
            <line number="79" hits="0" branch="false"/>
            <line number="83" hits="0" branch="false"/>
            <line number="85" hits="0" branch="false"/>
            <line number="86" hits="0" branch="false"/>
            <line number="96" hits="0" branch="false"/>
            <line number="97" hits="0" branch="false"/>
            <line number="100" hits="0" branch="false"/>
            <line number="101" hits="0" branch="false"/>
            <line number="102" hits="0" branch="false"/>
            <line number="105" hits="0" branch="false"/>
            <line number="106" hits="0" branch="true" condition-coverage="0% (0/2)"/>
            <line number="109" hits="0" branch="false"/>
            <line number="110" hits="0" branch="false"/>
            <line number="120" hits="0" branch="false"/>
            <line number="121" hits="0" branch="false"/>
            <line number="122" hits="0" branch="false"/>
            <line number="123" hits="0" branch="false"/>
            <line number="130" hits="0" branch="false"/>
            <line number="131" hits="0" branch="false"/>
            <line number="132" hits="0" branch="false"/>
            <line number="133" hits="0" branch="false"/>
            <line number="134" hits="0" branch="false"/>
            <line number="136" hits="0" branch="false"/>
            <line number="139" hits="0" branch="true" condition-coverage="0% (0/2)"/>
          </lines>
        </class>
        <class name="sankeyChartBuilderService.js" filename="d3\sankeyChartBuilderService.js" line-rate="0" branch-rate="0">
          <methods>
            <method name="SankeyChartBuilderService" hits="0" signature="()V">
              <lines>
                <line number="5" hits="0"/>
              </lines>
            </method>
            <method name="(anonymous_5)" hits="0" signature="()V">
              <lines>
                <line number="9" hits="0"/>
              </lines>
            </method>
            <method name="(anonymous_6)" hits="0" signature="()V">
              <lines>
                <line number="13" hits="0"/>
              </lines>
            </method>
            <method name="(anonymous_7)" hits="0" signature="()V">
              <lines>
                <line number="29" hits="0"/>
              </lines>
            </method>
            <method name="(anonymous_8)" hits="0" signature="()V">
              <lines>
                <line number="36" hits="0"/>
              </lines>
            </method>
            <method name="(anonymous_9)" hits="0" signature="()V">
              <lines>
                <line number="37" hits="0"/>
              </lines>
            </method>
            <method name="(anonymous_10)" hits="0" signature="()V">
              <lines>
                <line number="45" hits="0"/>
              </lines>
            </method>
            <method name="(anonymous_11)" hits="0" signature="()V">
              <lines>
                <line number="46" hits="0"/>
              </lines>
            </method>
            <method name="(anonymous_12)" hits="0" signature="()V">
              <lines>
                <line number="47" hits="0"/>
              </lines>
            </method>
            <method name="(anonymous_13)" hits="0" signature="()V">
              <lines>
                <line number="48" hits="0"/>
              </lines>
            </method>
            <method name="(anonymous_14)" hits="0" signature="()V">
              <lines>
                <line number="49" hits="0"/>
              </lines>
            </method>
            <method name="(anonymous_15)" hits="0" signature="()V">
              <lines>
                <line number="51" hits="0"/>
              </lines>
            </method>
            <method name="(anonymous_16)" hits="0" signature="()V">
              <lines>
                <line number="58" hits="0"/>
              </lines>
            </method>
            <method name="(anonymous_17)" hits="0" signature="()V">
              <lines>
                <line number="63" hits="0"/>
              </lines>
            </method>
            <method name="(anonymous_18)" hits="0" signature="()V">
              <lines>
                <line number="70" hits="0"/>
              </lines>
            </method>
            <method name="(anonymous_19)" hits="0" signature="()V">
              <lines>
                <line number="77" hits="0"/>
              </lines>
            </method>
            <method name="(anonymous_20)" hits="0" signature="()V">
              <lines>
                <line number="78" hits="0"/>
              </lines>
            </method>
            <method name="(anonymous_21)" hits="0" signature="()V">
              <lines>
                <line number="80" hits="0"/>
              </lines>
            </method>
            <method name="(anonymous_22)" hits="0" signature="()V">
              <lines>
                <line number="81" hits="0"/>
              </lines>
            </method>
          </methods>
          <lines>
            <line number="1" hits="0" branch="false"/>
            <line number="2" hits="0" branch="false"/>
            <line number="5" hits="0" branch="false"/>
            <line number="8" hits="0" branch="true" condition-coverage="0% (0/2)"/>
            <line number="9" hits="0" branch="false"/>
            <line number="10" hits="0" branch="false"/>
            <line number="11" hits="0" branch="false"/>
            <line number="13" hits="0" branch="false"/>
            <line number="15" hits="0" branch="false"/>
            <line number="17" hits="0" branch="false"/>
            <line number="18" hits="0" branch="false"/>
            <line number="20" hits="0" branch="false"/>
            <line number="21" hits="0" branch="false"/>
            <line number="22" hits="0" branch="false"/>
            <line number="24" hits="0" branch="false"/>
            <line number="28" hits="0" branch="false"/>
            <line number="29" hits="0" branch="false"/>
            <line number="35" hits="0" branch="false"/>
            <line number="36" hits="0" branch="false"/>
            <line number="37" hits="0" branch="false"/>
            <line number="41" hits="0" branch="false"/>
            <line number="45" hits="0" branch="false"/>
            <line number="46" hits="0" branch="false"/>
            <line number="47" hits="0" branch="false"/>
            <line number="48" hits="0" branch="false"/>
            <line number="49" hits="0" branch="false"/>
            <line number="51" hits="0" branch="false"/>
            <line number="53" hits="0" branch="false"/>
            <line number="58" hits="0" branch="true" condition-coverage="0% (0/2)"/>
            <line number="61" hits="0" branch="false"/>
            <line number="63" hits="0" branch="false"/>
            <line number="69" hits="0" branch="false"/>
            <line number="70" hits="0" branch="false"/>
            <line number="72" hits="0" branch="false"/>
            <line number="77" hits="0" branch="true" condition-coverage="0% (0/2)"/>
            <line number="78" hits="0" branch="false"/>
            <line number="80" hits="0" branch="true" condition-coverage="0% (0/2)"/>
            <line number="81" hits="0" branch="false"/>
          </lines>
        </class>
      </classes>
    </package>
    <package name="smartlab-charts.d3plus" line-rate="0" branch-rate="0">
      <classes>
        <class name="barChartBuilderService.js" filename="d3plus\barChartBuilderService.js" line-rate="0" branch-rate="0">
          <methods>
            <method name="BarChartBuilderService" hits="0" signature="()V">
              <lines>
                <line number="4" hits="0"/>
              </lines>
            </method>
            <method name="(anonymous_4)" hits="0" signature="()V">
              <lines>
                <line number="44" hits="0"/>
              </lines>
            </method>
            <method name="label" hits="0" signature="()V">
              <lines>
                <line number="81" hits="0"/>
              </lines>
            </method>
            <method name="body" hits="0" signature="()V">
              <lines>
                <line number="91" hits="0"/>
              </lines>
            </method>
            <method name="title" hits="0" signature="()V">
              <lines>
                <line number="98" hits="0"/>
              </lines>
            </method>
            <method name="(anonymous_9)" hits="0" signature="()V">
              <lines>
                <line number="104" hits="0"/>
              </lines>
            </method>
            <method name="(anonymous_10)" hits="0" signature="()V">
              <lines>
                <line number="106" hits="0"/>
              </lines>
            </method>
            <method name="(anonymous_11)" hits="0" signature="()V">
              <lines>
                <line number="109" hits="0"/>
              </lines>
            </method>
            <method name="(anonymous_13)" hits="0" signature="()V">
              <lines>
                <line number="152" hits="0"/>
              </lines>
            </method>
            <method name="(anonymous_14)" hits="0" signature="()V">
              <lines>
                <line number="155" hits="0"/>
              </lines>
            </method>
            <method name="(anonymous_15)" hits="0" signature="()V">
              <lines>
                <line number="158" hits="0"/>
              </lines>
            </method>
          </methods>
          <lines>
            <line number="1" hits="0" branch="false"/>
            <line number="4" hits="0" branch="true" condition-coverage="0% (0/2)"/>
            <line number="9" hits="0" branch="false"/>
            <line number="11" hits="0" branch="true" condition-coverage="0% (0/5)"/>
            <line number="12" hits="0" branch="false"/>
            <line number="13" hits="0" branch="false"/>
            <line number="16" hits="0" branch="true" condition-coverage="0% (0/4)"/>
            <line number="17" hits="0" branch="false"/>
            <line number="18" hits="0" branch="true" condition-coverage="0% (0/2)"/>
            <line number="19" hits="0" branch="false"/>
            <line number="22" hits="0" branch="true" condition-coverage="0% (0/4)"/>
            <line number="23" hits="0" branch="false"/>
            <line number="24" hits="0" branch="false"/>
            <line number="25" hits="0" branch="false"/>
            <line number="26" hits="0" branch="true" condition-coverage="0% (0/2)"/>
            <line number="27" hits="0" branch="false"/>
            <line number="29" hits="0" branch="false"/>
            <line number="30" hits="0" branch="false"/>
            <line number="31" hits="0" branch="false"/>
            <line number="36" hits="0" branch="true" condition-coverage="0% (0/2)"/>
            <line number="37" hits="0" branch="false"/>
            <line number="38" hits="0" branch="false"/>
            <line number="41" hits="0" branch="false"/>
            <line number="45" hits="0" branch="true" condition-coverage="0% (0/2)"/>
            <line number="52" hits="0" branch="false"/>
            <line number="56" hits="0" branch="false"/>
            <line number="57" hits="0" branch="true" condition-coverage="0% (0/2)"/>
            <line number="58" hits="0" branch="false"/>
            <line number="60" hits="0" branch="false"/>
            <line number="71" hits="0" branch="true" condition-coverage="0% (0/2)"/>
            <line number="72" hits="0" branch="true" condition-coverage="0% (0/2)"/>
            <line number="74" hits="0" branch="false"/>
            <line number="81" hits="0" branch="true" condition-coverage="0% (0/2)"/>
            <line number="92" hits="0" branch="true" condition-coverage="0% (0/2)"/>
            <line number="93" hits="0" branch="false"/>
            <line number="95" hits="0" branch="false"/>
            <line number="98" hits="0" branch="false"/>
            <line number="101" hits="0" branch="true" condition-coverage="0% (0/4)"/>
            <line number="102" hits="0" branch="true" condition-coverage="0% (0/2)"/>
            <line number="103" hits="0" branch="false"/>
            <line number="104" hits="0" branch="false"/>
            <line number="106" hits="0" branch="false"/>
            <line number="108" hits="0" branch="true" condition-coverage="0% (0/5)"/>
            <line number="109" hits="0" branch="true" condition-coverage="0% (0/4)"/>
            <line number="111" hits="0" branch="false"/>
            <line number="114" hits="0" branch="false"/>
            <line number="117" hits="0" branch="true" condition-coverage="0% (0/2)"/>
            <line number="119" hits="0" branch="false"/>
            <line number="120" hits="0" branch="false"/>
            <line number="122" hits="0" branch="true" condition-coverage="0% (0/4)"/>
            <line number="123" hits="0" branch="true" condition-coverage="0% (0/2)"/>
            <line number="124" hits="0" branch="true" condition-coverage="0% (0/2)"/>
            <line number="125" hits="0" branch="false"/>
            <line number="128" hits="0" branch="true" condition-coverage="0% (0/4)"/>
            <line number="129" hits="0" branch="true" condition-coverage="0% (0/2)"/>
            <line number="130" hits="0" branch="true" condition-coverage="0% (0/2)"/>
            <line number="131" hits="0" branch="false"/>
            <line number="134" hits="0" branch="true" condition-coverage="0% (0/2)"/>
            <line number="135" hits="0" branch="false"/>
            <line number="140" hits="0" branch="false"/>
            <line number="146" hits="0" branch="false"/>
            <line number="152" hits="0" branch="false"/>
            <line number="155" hits="0" branch="true" condition-coverage="0% (0/2)"/>
            <line number="158" hits="0" branch="false"/>
            <line number="160" hits="0" branch="false"/>
            <line number="164" hits="0" branch="false"/>
            <line number="166" hits="0" branch="false"/>
            <line number="168" hits="0" branch="true" condition-coverage="0% (0/2)"/>
            <line number="169" hits="0" branch="true" condition-coverage="0% (0/2)"/>
            <line number="170" hits="0" branch="true" condition-coverage="0% (0/2)"/>
            <line number="172" hits="0" branch="false"/>
            <line number="173" hits="0" branch="false"/>
            <line number="174" hits="0" branch="false"/>
            <line number="176" hits="0" branch="false"/>
            <line number="177" hits="0" branch="false"/>
            <line number="178" hits="0" branch="false"/>
            <line number="179" hits="0" branch="false"/>
            <line number="180" hits="0" branch="false"/>
            <line number="181" hits="0" branch="false"/>
            <line number="182" hits="0" branch="false"/>
            <line number="183" hits="0" branch="false"/>
            <line number="184" hits="0" branch="false"/>
            <line number="186" hits="0" branch="false"/>
            <line number="189" hits="0" branch="false"/>
          </lines>
        </class>
        <class name="boxplotChartBuilderService.js" filename="d3plus\boxplotChartBuilderService.js" line-rate="0" branch-rate="0">
          <methods>
            <method name="BoxplotChartBuilderService" hits="0" signature="()V">
              <lines>
                <line number="4" hits="0"/>
              </lines>
            </method>
            <method name="body" hits="0" signature="()V">
              <lines>
                <line number="30" hits="0"/>
              </lines>
            </method>
            <method name="title" hits="0" signature="()V">
              <lines>
                <line number="37" hits="0"/>
              </lines>
            </method>
          </methods>
          <lines>
            <line number="1" hits="0" branch="false"/>
            <line number="4" hits="0" branch="true" condition-coverage="0% (0/2)"/>
            <line number="9" hits="0" branch="false"/>
            <line number="19" hits="0" branch="false"/>
            <line number="23" hits="0" branch="false"/>
            <line number="24" hits="0" branch="true" condition-coverage="0% (0/2)"/>
            <line number="25" hits="0" branch="false"/>
            <line number="27" hits="0" branch="false"/>
            <line number="31" hits="0" branch="true" condition-coverage="0% (0/2)"/>
            <line number="32" hits="0" branch="false"/>
            <line number="34" hits="0" branch="false"/>
            <line number="37" hits="0" branch="false"/>
            <line number="40" hits="0" branch="false"/>
          </lines>
        </class>
        <class name="d3plusChartBuilderService.js" filename="d3plus\d3plusChartBuilderService.js" line-rate="0" branch-rate="0">
          <methods>
            <method name="D3PlusChartBuilderService" hits="0" signature="()V">
              <lines>
                <line number="5" hits="0"/>
              </lines>
            </method>
            <method name="(anonymous_5)" hits="0" signature="()V">
              <lines>
                <line number="23" hits="0"/>
              </lines>
            </method>
          </methods>
          <lines>
            <line number="1" hits="0" branch="false"/>
            <line number="2" hits="0" branch="false"/>
            <line number="5" hits="0" branch="true" condition-coverage="0% (0/2)"/>
            <line number="10" hits="0" branch="true" condition-coverage="0% (0/4)"/>
            <line number="11" hits="0" branch="false"/>
            <line number="12" hits="0" branch="false"/>
            <line number="14" hits="0" branch="false"/>
            <line number="22" hits="0" branch="false"/>
            <line number="24" hits="0" branch="true" condition-coverage="0% (0/2)"/>
            <line number="25" hits="0" branch="false"/>
            <line number="26" hits="0" branch="false"/>
            <line number="33" hits="0" branch="true" condition-coverage="0% (0/5)"/>
            <line number="34" hits="0" branch="false"/>
            <line number="35" hits="0" branch="true" condition-coverage="0% (0/5)"/>
            <line number="36" hits="0" branch="false"/>
            <line number="37" hits="0" branch="true" condition-coverage="0% (0/5)"/>
            <line number="38" hits="0" branch="false"/>
            <line number="41" hits="0" branch="true" condition-coverage="0% (0/4)"/>
            <line number="42" hits="0" branch="false"/>
            <line number="45" hits="0" branch="false"/>
            <line number="49" hits="0" branch="false"/>
            <line number="50" hits="0" branch="false"/>
            <line number="51" hits="0" branch="false"/>
          </lines>
        </class>
        <class name="lineChartBuilderService.js" filename="d3plus\lineChartBuilderService.js" line-rate="0" branch-rate="0">
          <methods>
            <method name="LineChartBuilderService" hits="0" signature="()V">
              <lines>
                <line number="4" hits="0"/>
              </lines>
            </method>
            <method name="(anonymous_4)" hits="0" signature="()V">
              <lines>
                <line number="29" hits="0"/>
              </lines>
            </method>
            <method name="(anonymous_5)" hits="0" signature="()V">
              <lines>
                <line number="48" hits="0"/>
              </lines>
            </method>
            <method name="label" hits="0" signature="()V">
              <lines>
                <line number="74" hits="0"/>
              </lines>
            </method>
            <method name="body" hits="0" signature="()V">
              <lines>
                <line number="83" hits="0"/>
              </lines>
            </method>
            <method name="title" hits="0" signature="()V">
              <lines>
                <line number="90" hits="0"/>
              </lines>
            </method>
          </methods>
          <lines>
            <line number="1" hits="0" branch="false"/>
            <line number="4" hits="0" branch="true" condition-coverage="0% (0/2)"/>
            <line number="9" hits="0" branch="false"/>
            <line number="10" hits="0" branch="false"/>
            <line number="11" hits="0" branch="true" condition-coverage="0% (0/2)"/>
            <line number="12" hits="0" branch="false"/>
            <line number="13" hits="0" branch="true" condition-coverage="0% (0/2)"/>
            <line number="14" hits="0" branch="false"/>
            <line number="16" hits="0" branch="true" condition-coverage="0% (0/4)"/>
            <line number="17" hits="0" branch="false"/>
            <line number="18" hits="0" branch="false"/>
            <line number="19" hits="0" branch="true" condition-coverage="0% (0/4)"/>
            <line number="21" hits="0" branch="false"/>
            <line number="22" hits="0" branch="false"/>
            <line number="27" hits="0" branch="true" condition-coverage="0% (0/2)"/>
            <line number="28" hits="0" branch="true" condition-coverage="0% (0/4)"/>
            <line number="29" hits="0" branch="false"/>
            <line number="30" hits="0" branch="true" condition-coverage="0% (0/4)"/>
            <line number="31" hits="0" branch="false"/>
            <line number="34" hits="0" branch="true" condition-coverage="0% (0/2)"/>
            <line number="35" hits="0" branch="true" condition-coverage="0% (0/5)"/>
            <line number="36" hits="0" branch="false"/>
            <line number="37" hits="0" branch="false"/>
            <line number="40" hits="0" branch="false"/>
            <line number="48" hits="0" branch="false"/>
            <line number="53" hits="0" branch="false"/>
            <line number="57" hits="0" branch="false"/>
            <line number="58" hits="0" branch="true" condition-coverage="0% (0/2)"/>
            <line number="59" hits="0" branch="false"/>
            <line number="61" hits="0" branch="false"/>
            <line number="62" hits="0" branch="false"/>
            <line number="64" hits="0" branch="true" condition-coverage="0% (0/4)"/>
            <line number="65" hits="0" branch="true" condition-coverage="0% (0/4)"/>
            <line number="67" hits="0" branch="false"/>
            <line number="74" hits="0" branch="true" condition-coverage="0% (0/2)"/>
            <line number="84" hits="0" branch="true" condition-coverage="0% (0/2)"/>
            <line number="85" hits="0" branch="false"/>
            <line number="87" hits="0" branch="false"/>
            <line number="90" hits="0" branch="false"/>
            <line number="93" hits="0" branch="false"/>
          </lines>
        </class>
        <class name="scatterChartBuilderService.js" filename="d3plus\scatterChartBuilderService.js" line-rate="0" branch-rate="0">
          <methods>
            <method name="ScatterChartBuilderService" hits="0" signature="()V">
              <lines>
                <line number="4" hits="0"/>
              </lines>
            </method>
            <method name="text" hits="0" signature="()V">
              <lines>
                <line number="33" hits="0"/>
              </lines>
            </method>
            <method name="body" hits="0" signature="()V">
              <lines>
                <line number="45" hits="0"/>
              </lines>
            </method>
            <method name="title" hits="0" signature="()V">
              <lines>
                <line number="52" hits="0"/>
              </lines>
            </method>
          </methods>
          <lines>
            <line number="1" hits="0" branch="false"/>
            <line number="4" hits="0" branch="true" condition-coverage="0% (0/2)"/>
            <line number="9" hits="0" branch="false"/>
            <line number="19" hits="0" branch="false"/>
            <line number="23" hits="0" branch="false"/>
            <line number="24" hits="0" branch="true" condition-coverage="0% (0/2)"/>
            <line number="25" hits="0" branch="false"/>
            <line number="27" hits="0" branch="false"/>
            <line number="28" hits="0" branch="false"/>
            <line number="33" hits="0" branch="true" condition-coverage="0% (0/2)"/>
            <line number="34" hits="0" branch="false"/>
            <line number="35" hits="0" branch="true" condition-coverage="0% (0/2)"/>
            <line number="37" hits="0" branch="false"/>
            <line number="38" hits="0" branch="false"/>
            <line number="39" hits="0" branch="false"/>
            <line number="41" hits="0" branch="false"/>
            <line number="46" hits="0" branch="true" condition-coverage="0% (0/2)"/>
            <line number="47" hits="0" branch="false"/>
            <line number="49" hits="0" branch="false"/>
            <line number="52" hits="0" branch="false"/>
            <line number="55" hits="0" branch="false"/>
          </lines>
        </class>
        <class name="stackedLineChartBuilderService.js" filename="d3plus\stackedLineChartBuilderService.js" line-rate="0" branch-rate="0">
          <methods>
            <method name="StackedLineChartBuilderService" hits="0" signature="()V">
              <lines>
                <line number="4" hits="0"/>
              </lines>
            </method>
            <method name="(anonymous_4)" hits="0" signature="()V">
              <lines>
                <line number="18" hits="0"/>
              </lines>
            </method>
            <method name="body" hits="0" signature="()V">
              <lines>
                <line number="62" hits="0"/>
              </lines>
            </method>
            <method name="title" hits="0" signature="()V">
              <lines>
                <line number="69" hits="0"/>
              </lines>
            </method>
          </methods>
          <lines>
            <line number="1" hits="0" branch="false"/>
            <line number="4" hits="0" branch="true" condition-coverage="0% (0/2)"/>
            <line number="9" hits="0" branch="true" condition-coverage="0% (0/6)"/>
            <line number="10" hits="0" branch="false"/>
            <line number="11" hits="0" branch="true" condition-coverage="0% (0/4)"/>
            <line number="15" hits="0" branch="false"/>
            <line number="18" hits="0" branch="false"/>
            <line number="24" hits="0" branch="false"/>
            <line number="28" hits="0" branch="false"/>
            <line number="29" hits="0" branch="true" condition-coverage="0% (0/2)"/>
            <line number="30" hits="0" branch="false"/>
            <line number="32" hits="0" branch="false"/>
            <line number="33" hits="0" branch="false"/>
            <line number="35" hits="0" branch="true" condition-coverage="0% (0/4)"/>
            <line number="36" hits="0" branch="true" condition-coverage="0% (0/4)"/>
            <line number="38" hits="0" branch="false"/>
            <line number="43" hits="0" branch="true" condition-coverage="0% (0/2)"/>
            <line number="44" hits="0" branch="false"/>
            <line number="45" hits="0" branch="true" condition-coverage="0% (0/4)"/>
            <line number="46" hits="0" branch="false"/>
            <line number="49" hits="0" branch="false"/>
            <line number="63" hits="0" branch="true" condition-coverage="0% (0/2)"/>
            <line number="64" hits="0" branch="false"/>
            <line number="66" hits="0" branch="false"/>
            <line number="70" hits="0" branch="false"/>
            <line number="74" hits="0" branch="true" condition-coverage="0% (0/5)"/>
            <line number="75" hits="0" branch="false"/>
            <line number="77" hits="0" branch="true" condition-coverage="0% (0/4)"/>
            <line number="78" hits="0" branch="false"/>
            <line number="82" hits="0" branch="true" condition-coverage="0% (0/5)"/>
            <line number="83" hits="0" branch="false"/>
            <line number="84" hits="0" branch="true" condition-coverage="0% (0/5)"/>
            <line number="85" hits="0" branch="false"/>
            <line number="86" hits="0" branch="true" condition-coverage="0% (0/5)"/>
            <line number="87" hits="0" branch="false"/>
            <line number="90" hits="0" branch="false"/>
          </lines>
        </class>
        <class name="topoJsonChartBuilderService.js" filename="d3plus\topoJsonChartBuilderService.js" line-rate="0" branch-rate="0">
          <methods>
            <method name="TopoJsonChartBuilderService" hits="0" signature="()V">
              <lines>
                <line number="6" hits="0"/>
              </lines>
            </method>
            <method name="fill" hits="0" signature="()V">
              <lines>
                <line number="22" hits="0"/>
              </lines>
            </method>
            <method name="fill" hits="0" signature="()V">
              <lines>
                <line number="31" hits="0"/>
              </lines>
            </method>
            <method name="(anonymous_6)" hits="0" signature="()V">
              <lines>
                <line number="80" hits="0"/>
              </lines>
            </method>
            <method name="fill" hits="0" signature="()V">
              <lines>
                <line number="97" hits="0"/>
              </lines>
            </method>
            <method name="(anonymous_8)" hits="0" signature="()V">
              <lines>
                <line number="107" hits="0"/>
              </lines>
            </method>
            <method name="(anonymous_9)" hits="0" signature="()V">
              <lines>
                <line number="113" hits="0"/>
              </lines>
            </method>
            <method name="strokeWidth" hits="0" signature="()V">
              <lines>
                <line number="145" hits="0"/>
              </lines>
            </method>
            <method name="body" hits="0" signature="()V">
              <lines>
                <line number="152" hits="0"/>
              </lines>
            </method>
            <method name="title" hits="0" signature="()V">
              <lines>
                <line number="159" hits="0"/>
              </lines>
            </method>
          </methods>
          <lines>
            <line number="1" hits="0" branch="false"/>
            <line number="6" hits="0" branch="true" condition-coverage="0% (0/2)"/>
            <line number="11" hits="0" branch="true" condition-coverage="0% (0/2)"/>
            <line number="12" hits="0" branch="false"/>
            <line number="13" hits="0" branch="false"/>
            <line number="14" hits="0" branch="false"/>
            <line number="15" hits="0" branch="true" condition-coverage="0% (0/4)"/>
            <line number="16" hits="0" branch="false"/>
            <line number="19" hits="0" branch="true" condition-coverage="0% (0/2)"/>
            <line number="20" hits="0" branch="false"/>
            <line number="23" hits="0" branch="false"/>
            <line number="24" hits="0" branch="true" condition-coverage="0% (0/2)"/>
            <line number="28" hits="0" branch="true" condition-coverage="0% (0/2)"/>
            <line number="29" hits="0" branch="false"/>
            <line number="32" hits="0" branch="false"/>
            <line number="33" hits="0" branch="true" condition-coverage="0% (0/2)"/>
            <line number="34" hits="0" branch="false"/>
            <line number="35" hits="0" branch="true" condition-coverage="0% (0/2)"/>
            <line number="36" hits="0" branch="false"/>
            <line number="38" hits="0" branch="false"/>
            <line number="42" hits="0" branch="true" condition-coverage="0% (0/2)"/>
            <line number="43" hits="0" branch="false"/>
            <line number="45" hits="0" branch="false"/>
            <line number="46" hits="0" branch="false"/>
            <line number="47" hits="0" branch="true" condition-coverage="0% (0/2)"/>
            <line number="48" hits="0" branch="false"/>
            <line number="50" hits="0" branch="true" condition-coverage="0% (0/2)"/>
            <line number="51" hits="0" branch="false"/>
            <line number="56" hits="0" branch="true" condition-coverage="0% (0/2)"/>
            <line number="57" hits="0" branch="false"/>
            <line number="58" hits="0" branch="true" condition-coverage="0% (0/2)"/>
            <line number="59" hits="0" branch="true" condition-coverage="0% (0/4)"/>
            <line number="60" hits="0" branch="false"/>
            <line number="61" hits="0" branch="true" condition-coverage="0% (0/4)"/>
            <line number="62" hits="0" branch="false"/>
            <line number="64" hits="0" branch="false"/>
            <line number="68" hits="0" branch="false"/>
            <line number="70" hits="0" branch="true" condition-coverage="0% (0/4)"/>
            <line number="71" hits="0" branch="false"/>
            <line number="72" hits="0" branch="false"/>
            <line number="73" hits="0" branch="false"/>
            <line number="74" hits="0" branch="true" condition-coverage="0% (0/2)"/>
            <line number="75" hits="0" branch="false"/>
            <line number="76" hits="0" branch="true" condition-coverage="0% (0/2)"/>
            <line number="77" hits="0" branch="false"/>
            <line number="80" hits="0" branch="false"/>
            <line number="81" hits="0" branch="false"/>
            <line number="82" hits="0" branch="false"/>
            <line number="83" hits="0" branch="false"/>
            <line number="87" hits="0" branch="true" condition-coverage="0% (0/2)"/>
            <line number="88" hits="0" branch="false"/>
            <line number="93" hits="0" branch="false"/>
            <line number="95" hits="0" branch="false"/>
            <line number="97" hits="0" branch="true" condition-coverage="0% (0/2)"/>
            <line number="103" hits="0" branch="false"/>
            <line number="107" hits="0" branch="false"/>
            <line number="110" hits="0" branch="false"/>
            <line number="111" hits="0" branch="false"/>
            <line number="112" hits="0" branch="true" condition-coverage="0% (0/2)"/>
            <line number="113" hits="0" branch="false"/>
            <line number="114" hits="0" branch="true" condition-coverage="0% (0/4)"/>
            <line number="115" hits="0" branch="true" condition-coverage="0% (0/2)"/>
            <line number="116" hits="0" branch="true" condition-coverage="0% (0/2)"/>
            <line number="117" hits="0" branch="true" condition-coverage="0% (0/2)"/>
            <line number="118" hits="0" branch="false"/>
            <line number="119" hits="0" branch="true" condition-coverage="0% (0/2)"/>
            <line number="122" hits="0" branch="false"/>
            <line number="125" hits="0" branch="false"/>
            <line number="129" hits="0" branch="true" condition-coverage="0% (0/3)"/>
            <line number="135" hits="0" branch="false"/>
            <line number="136" hits="0" branch="true" condition-coverage="0% (0/2)"/>
            <line number="137" hits="0" branch="true" condition-coverage="0% (0/4)"/>
            <line number="138" hits="0" branch="false"/>
            <line number="140" hits="0" branch="false"/>
            <line number="145" hits="0" branch="true" condition-coverage="0% (0/7)"/>
            <line number="153" hits="0" branch="true" condition-coverage="0% (0/2)"/>
            <line number="154" hits="0" branch="false"/>
            <line number="156" hits="0" branch="false"/>
            <line number="159" hits="0" branch="false"/>
            <line number="163" hits="0" branch="false"/>
          </lines>
        </class>
        <class name="treemapChartBuilderService.js" filename="d3plus\treemapChartBuilderService.js" line-rate="0" branch-rate="0">
          <methods>
            <method name="TreemapChartBuilderService" hits="0" signature="()V">
              <lines>
                <line number="4" hits="0"/>
              </lines>
            </method>
            <method name="(anonymous_4)" hits="0" signature="()V">
              <lines>
                <line number="30" hits="0"/>
              </lines>
            </method>
            <method name="(anonymous_5)" hits="0" signature="()V">
              <lines>
                <line number="58" hits="0"/>
              </lines>
            </method>
            <method name="(anonymous_6)" hits="0" signature="()V">
              <lines>
                <line number="63" hits="0"/>
              </lines>
            </method>
            <method name="(anonymous_7)" hits="0" signature="()V">
              <lines>
                <line number="76" hits="0"/>
              </lines>
            </method>
            <method name="body" hits="0" signature="()V">
              <lines>
                <line number="117" hits="0"/>
              </lines>
            </method>
            <method name="title" hits="0" signature="()V">
              <lines>
                <line number="124" hits="0"/>
              </lines>
            </method>
          </methods>
          <lines>
            <line number="1" hits="0" branch="false"/>
            <line number="4" hits="0" branch="true" condition-coverage="0% (0/2)"/>
            <line number="9" hits="0" branch="true" condition-coverage="0% (0/4)"/>
            <line number="10" hits="0" branch="false"/>
            <line number="11" hits="0" branch="false"/>
            <line number="14" hits="0" branch="true" condition-coverage="0% (0/5)"/>
            <line number="16" hits="0" branch="true" condition-coverage="0% (0/2)"/>
            <line number="17" hits="0" branch="true" condition-coverage="0% (0/2)"/>
            <line number="18" hits="0" branch="false"/>
            <line number="19" hits="0" branch="true" condition-coverage="0% (0/2)"/>
            <line number="20" hits="0" branch="false"/>
            <line number="21" hits="0" branch="false"/>
            <line number="22" hits="0" branch="false"/>
            <line number="27" hits="0" branch="true" condition-coverage="0% (0/2)"/>
            <line number="29" hits="0" branch="true" condition-coverage="0% (0/2)"/>
            <line number="30" hits="0" branch="false"/>
            <line number="31" hits="0" branch="true" condition-coverage="0% (0/2)"/>
            <line number="32" hits="0" branch="false"/>
            <line number="33" hits="0" branch="false"/>
            <line number="34" hits="0" branch="false"/>
            <line number="35" hits="0" branch="true" condition-coverage="0% (0/2)"/>
            <line number="36" hits="0" branch="true" condition-coverage="0% (0/2)"/>
            <line number="39" hits="0" branch="true" condition-coverage="0% (0/2)"/>
            <line number="40" hits="0" branch="false"/>
            <line number="41" hits="0" branch="true" condition-coverage="0% (0/2)"/>
            <line number="42" hits="0" branch="false"/>
            <line number="45" hits="0" branch="true" condition-coverage="0% (0/2)"/>
            <line number="46" hits="0" branch="true" condition-coverage="0% (0/2)"/>
            <line number="47" hits="0" branch="false"/>
            <line number="48" hits="0" branch="true" condition-coverage="0% (0/4)"/>
            <line number="50" hits="0" branch="false"/>
            <line number="56" hits="0" branch="true" condition-coverage="0% (0/2)"/>
            <line number="58" hits="0" branch="false"/>
            <line number="62" hits="0" branch="true" condition-coverage="0% (0/2)"/>
            <line number="63" hits="0" branch="false"/>
            <line number="66" hits="0" branch="true" condition-coverage="0% (0/2)"/>
            <line number="67" hits="0" branch="false"/>
            <line number="68" hits="0" branch="true" condition-coverage="0% (0/2)"/>
            <line number="70" hits="0" branch="false"/>
            <line number="73" hits="0" branch="false"/>
            <line number="77" hits="0" branch="false"/>
            <line number="78" hits="0" branch="true" condition-coverage="0% (0/4)"/>
            <line number="83" hits="0" branch="false"/>
            <line number="87" hits="0" branch="false"/>
            <line number="88" hits="0" branch="true" condition-coverage="0% (0/2)"/>
            <line number="89" hits="0" branch="false"/>
            <line number="91" hits="0" branch="false"/>
            <line number="118" hits="0" branch="true" condition-coverage="0% (0/2)"/>
            <line number="119" hits="0" branch="false"/>
            <line number="121" hits="0" branch="false"/>
            <line number="124" hits="0" branch="false"/>
            <line number="127" hits="0" branch="false"/>
          </lines>
        </class>
      </classes>
    </package>
    <package name="smartlab-charts.leaflet" line-rate="0" branch-rate="0">
      <classes>
        <class name="bubblesChartBuilderService.js" filename="leaflet\bubblesChartBuilderService.js" line-rate="0" branch-rate="0">
          <methods>
            <method name="BubblesChartBuilderService" hits="0" signature="()V">
              <lines>
                <line number="7" hits="0"/>
              </lines>
            </method>
          </methods>
          <lines>
            <line number="1" hits="0" branch="false"/>
            <line number="7" hits="0" branch="true" condition-coverage="0% (0/2)"/>
            <line number="11" hits="0" branch="true" condition-coverage="0% (0/6)"/>
            <line number="13" hits="0" branch="true" condition-coverage="0% (0/5)"/>
            <line number="14" hits="0" branch="true" condition-coverage="0% (0/5)"/>
            <line number="16" hits="0" branch="true" condition-coverage="0% (0/2)"/>
            <line number="17" hits="0" branch="true" condition-coverage="0% (0/2)"/>
            <line number="19" hits="0" branch="false"/>
            <line number="21" hits="0" branch="false"/>
            <line number="23" hits="0" branch="true" condition-coverage="0% (0/2)"/>
            <line number="24" hits="0" branch="true" condition-coverage="0% (0/2)"/>
            <line number="26" hits="0" branch="false"/>
            <line number="27" hits="0" branch="false"/>
            <line number="28" hits="0" branch="false"/>
            <line number="29" hits="0" branch="false"/>
            <line number="33" hits="0" branch="false"/>
            <line number="34" hits="0" branch="true" condition-coverage="0% (0/6)"/>
            <line number="35" hits="0" branch="true" condition-coverage="0% (0/2)"/>
            <line number="37" hits="0" branch="false"/>
            <line number="39" hits="0" branch="true" condition-coverage="0% (0/2)"/>
            <line number="42" hits="0" branch="false"/>
            <line number="45" hits="0" branch="false"/>
            <line number="69" hits="0" branch="false"/>
            <line number="74" hits="0" branch="false"/>
            <line number="78" hits="0" branch="false"/>
            <line number="79" hits="0" branch="false"/>
            <line number="80" hits="0" branch="true" condition-coverage="0% (0/2)"/>
            <line number="81" hits="0" branch="false"/>
            <line number="83" hits="0" branch="false"/>
          </lines>
        </class>
        <class name="clusterChartBuilderService.js" filename="leaflet\clusterChartBuilderService.js" line-rate="0" branch-rate="0">
          <methods>
            <method name="ClusterChartBuilderService" hits="0" signature="()V">
              <lines>
                <line number="4" hits="0"/>
              </lines>
            </method>
          </methods>
          <lines>
            <line number="1" hits="0" branch="false"/>
            <line number="4" hits="0" branch="true" condition-coverage="0% (0/2)"/>
            <line number="8" hits="0" branch="true" condition-coverage="0% (0/6)"/>
            <line number="10" hits="0" branch="false"/>
            <line number="19" hits="0" branch="true" condition-coverage="0% (0/4)"/>
            <line number="20" hits="0" branch="false"/>
            <line number="22" hits="0" branch="true" condition-coverage="0% (0/4)"/>
            <line number="23" hits="0" branch="false"/>
            <line number="35" hits="0" branch="false"/>
            <line number="36" hits="0" branch="true" condition-coverage="0% (0/2)"/>
            <line number="38" hits="0" branch="false"/>
            <line number="39" hits="0" branch="true" condition-coverage="0% (0/2)"/>
            <line number="40" hits="0" branch="false"/>
            <line number="52" hits="0" branch="false"/>
            <line number="53" hits="0" branch="false"/>
          </lines>
        </class>
        <class name="heatChartBuilderService.js" filename="leaflet\heatChartBuilderService.js" line-rate="0" branch-rate="0">
          <methods>
            <method name="HeatChartBuilderService" hits="0" signature="()V">
              <lines>
                <line number="4" hits="0"/>
              </lines>
            </method>
          </methods>
          <lines>
            <line number="1" hits="0" branch="false"/>
            <line number="4" hits="0" branch="true" condition-coverage="0% (0/2)"/>
            <line number="8" hits="0" branch="true" condition-coverage="0% (0/6)"/>
            <line number="9" hits="0" branch="false"/>
            <line number="10" hits="0" branch="true" condition-coverage="0% (0/2)"/>
            <line number="12" hits="0" branch="false"/>
            <line number="13" hits="0" branch="true" condition-coverage="0% (0/2)"/>
            <line number="14" hits="0" branch="false"/>
            <line number="22" hits="0" branch="false"/>
          </lines>
        </class>
        <class name="leafletChartBuilderService.js" filename="leaflet\leafletChartBuilderService.js" line-rate="0" branch-rate="0">
          <methods>
            <method name="LeafletChartBuilderService" hits="0" signature="()V">
              <lines>
                <line number="15" hits="0"/>
              </lines>
            </method>
            <method name="(anonymous_5)" hits="0" signature="()V">
              <lines>
                <line number="68" hits="0"/>
              </lines>
            </method>
            <method name="(anonymous_6)" hits="0" signature="()V">
              <lines>
                <line number="71" hits="0"/>
              </lines>
            </method>
            <method name="createTile" hits="0" signature="()V">
              <lines>
                <line number="108" hits="0"/>
              </lines>
            </method>
            <method name="(anonymous_10)" hits="0" signature="()V">
              <lines>
                <line number="121" hits="0"/>
              </lines>
            </method>
            <method name="(anonymous_17)" hits="0" signature="()V">
              <lines>
                <line number="222" hits="0"/>
              </lines>
            </method>
            <method name="(anonymous_18)" hits="0" signature="()V">
              <lines>
                <line number="223" hits="0"/>
              </lines>
            </method>
          </methods>
          <lines>
            <line number="1" hits="0" branch="false"/>
            <line number="3" hits="0" branch="false"/>
            <line number="4" hits="0" branch="false"/>
            <line number="15" hits="0" branch="true" condition-coverage="0% (0/2)"/>
            <line number="17" hits="0" branch="false"/>
            <line number="18" hits="0" branch="false"/>
            <line number="19" hits="0" branch="false"/>
            <line number="22" hits="0" branch="false"/>
            <line number="23" hits="0" branch="false"/>
            <line number="24" hits="0" branch="false"/>
            <line number="25" hits="0" branch="false"/>
            <line number="27" hits="0" branch="false"/>
            <line number="31" hits="0" branch="true" condition-coverage="0% (0/2)"/>
            <line number="32" hits="0" branch="true" condition-coverage="0% (0/2)"/>
            <line number="33" hits="0" branch="true" condition-coverage="0% (0/2)"/>
            <line number="34" hits="0" branch="true" condition-coverage="0% (0/4)"/>
            <line number="36" hits="0" branch="false"/>
            <line number="38" hits="0" branch="false"/>
            <line number="44" hits="0" branch="false"/>
            <line number="45" hits="0" branch="false"/>
            <line number="47" hits="0" branch="true" condition-coverage="0% (0/4)"/>
            <line number="49" hits="0" branch="false"/>
            <line number="50" hits="0" branch="false"/>
            <line number="52" hits="0" branch="false"/>
            <line number="53" hits="0" branch="true" condition-coverage="0% (0/2)"/>
            <line number="54" hits="0" branch="false"/>
            <line number="58" hits="0" branch="false"/>
            <line number="60" hits="0" branch="false"/>
            <line number="64" hits="0" branch="true" condition-coverage="0% (0/4)"/>
            <line number="65" hits="0" branch="true" condition-coverage="0% (0/5)"/>
            <line number="66" hits="0" branch="false"/>
            <line number="67" hits="0" branch="true" condition-coverage="0% (0/5)"/>
            <line number="68" hits="0" branch="false"/>
            <line number="69" hits="0" branch="false"/>
            <line number="71" hits="0" branch="false"/>
            <line number="73" hits="0" branch="false"/>
            <line number="78" hits="0" branch="false"/>
            <line number="79" hits="0" branch="false"/>
            <line number="80" hits="0" branch="false"/>
            <line number="82" hits="0" branch="false"/>
            <line number="84" hits="0" branch="false"/>
            <line number="85" hits="0" branch="true" condition-coverage="0% (0/2)"/>
            <line number="87" hits="0" branch="false"/>
            <line number="89" hits="0" branch="false"/>
            <line number="93" hits="0" branch="false"/>
            <line number="94" hits="0" branch="true" condition-coverage="0% (0/2)"/>
            <line number="95" hits="0" branch="false"/>
            <line number="107" hits="0" branch="false"/>
            <line number="109" hits="0" branch="false"/>
            <line number="111" hits="0" branch="true" condition-coverage="0% (0/2)"/>
            <line number="113" hits="0" branch="false"/>
            <line number="114" hits="0" branch="false"/>
            <line number="116" hits="0" branch="false"/>
            <line number="120" hits="0" branch="false"/>
            <line number="121" hits="0" branch="false"/>
            <line number="123" hits="0" branch="false"/>
            <line number="130" hits="0" branch="false"/>
            <line number="139" hits="0" branch="false"/>
            <line number="143" hits="0" branch="false"/>
            <line number="144" hits="0" branch="false"/>
            <line number="145" hits="0" branch="false"/>
            <line number="149" hits="0" branch="false"/>
            <line number="156" hits="0" branch="false"/>
            <line number="169" hits="0" branch="false"/>
            <line number="173" hits="0" branch="true" condition-coverage="0% (0/4)"/>
            <line number="174" hits="0" branch="false"/>
            <line number="175" hits="0" branch="false"/>
            <line number="176" hits="0" branch="false"/>
            <line number="180" hits="0" branch="false"/>
            <line number="181" hits="0" branch="false"/>
            <line number="182" hits="0" branch="false"/>
            <line number="183" hits="0" branch="false"/>
            <line number="185" hits="0" branch="true" condition-coverage="0% (0/4)"/>
            <line number="186" hits="0" branch="false"/>
            <line number="187" hits="0" branch="false"/>
            <line number="188" hits="0" branch="false"/>
            <line number="191" hits="0" branch="false"/>
            <line number="193" hits="0" branch="true" condition-coverage="0% (0/2)"/>
            <line number="194" hits="0" branch="false"/>
            <line number="197" hits="0" branch="false"/>
            <line number="198" hits="0" branch="false"/>
            <line number="200" hits="0" branch="true" condition-coverage="0% (0/4)"/>
            <line number="202" hits="0" branch="false"/>
            <line number="203" hits="0" branch="false"/>
            <line number="205" hits="0" branch="false"/>
            <line number="206" hits="0" branch="true" condition-coverage="0% (0/2)"/>
            <line number="207" hits="0" branch="false"/>
            <line number="212" hits="0" branch="false"/>
            <line number="214" hits="0" branch="false"/>
            <line number="218" hits="0" branch="true" condition-coverage="0% (0/4)"/>
            <line number="219" hits="0" branch="true" condition-coverage="0% (0/5)"/>
            <line number="220" hits="0" branch="false"/>
            <line number="221" hits="0" branch="true" condition-coverage="0% (0/5)"/>
            <line number="222" hits="0" branch="false"/>
            <line number="223" hits="0" branch="false"/>
            <line number="225" hits="0" branch="false"/>
            <line number="230" hits="0" branch="false"/>
            <line number="231" hits="0" branch="false"/>
            <line number="232" hits="0" branch="false"/>
            <line number="234" hits="0" branch="false"/>
            <line number="235" hits="0" branch="true" condition-coverage="0% (0/2)"/>
            <line number="237" hits="0" branch="false"/>
            <line number="242" hits="0" branch="false"/>
            <line number="243" hits="0" branch="false"/>
            <line number="244" hits="0" branch="true" condition-coverage="0% (0/2)"/>
          </lines>
        </class>
        <class name="polygonsChartBuilderService.js" filename="leaflet\polygonsChartBuilderService.js" line-rate="0" branch-rate="0">
          <methods>
            <method name="PolygonsChartBuilderService" hits="0" signature="()V">
              <lines>
                <line number="4" hits="0"/>
              </lines>
            </method>
            <method name="addData" hits="0" signature="()V">
              <lines>
                <line number="19" hits="0"/>
              </lines>
            </method>
            <method name="mouseover" hits="0" signature="()V">
              <lines>
                <line number="60" hits="0"/>
              </lines>
            </method>
            <method name="mouseout" hits="0" signature="()V">
              <lines>
                <line number="61" hits="0"/>
              </lines>
            </method>
          </methods>
          <lines>
            <line number="1" hits="0" branch="false"/>
            <line number="4" hits="0" branch="true" condition-coverage="0% (0/2)"/>
            <line number="8" hits="0" branch="true" condition-coverage="0% (0/6)"/>
            <line number="11" hits="0" branch="false"/>
            <line number="13" hits="0" branch="false"/>
            <line number="14" hits="0" branch="true" condition-coverage="0% (0/4)"/>
            <line number="15" hits="0" branch="true" condition-coverage="0% (0/4)"/>
            <line number="18" hits="0" branch="false"/>
            <line number="20" hits="0" branch="true" condition-coverage="0% (0/2)"/>
            <line number="21" hits="0" branch="false"/>
            <line number="22" hits="0" branch="false"/>
            <line number="23" hits="0" branch="false"/>
            <line number="26" hits="0" branch="false"/>
            <line number="31" hits="0" branch="false"/>
            <line number="32" hits="0" branch="false"/>
            <line number="33" hits="0" branch="false"/>
            <line number="34" hits="0" branch="false"/>
            <line number="36" hits="0" branch="false"/>
            <line number="39" hits="0" branch="true" condition-coverage="0% (0/2)"/>
            <line number="40" hits="0" branch="false"/>
            <line number="41" hits="0" branch="false"/>
            <line number="42" hits="0" branch="true" condition-coverage="0% (0/2)"/>
            <line number="43" hits="0" branch="true" condition-coverage="0% (0/4)"/>
            <line number="44" hits="0" branch="false"/>
            <line number="45" hits="0" branch="true" condition-coverage="0% (0/2)"/>
            <line number="46" hits="0" branch="false"/>
            <line number="49" hits="0" branch="true" condition-coverage="0% (0/2)"/>
            <line number="51" hits="0" branch="false"/>
            <line number="59" hits="0" branch="false"/>
            <line number="60" hits="0" branch="false"/>
            <line number="61" hits="0" branch="false"/>
            <line number="64" hits="0" branch="false"/>
            <line number="68" hits="0" branch="true" condition-coverage="0% (0/2)"/>
            <line number="69" hits="0" branch="false"/>
          </lines>
        </class>
      </classes>
    </package>
  </packages>
</coverage>
