TN:
SF:C:\Users\Rodrigo Fagundes\Documents\Projetos\smartlab-charts\chartBuilderService.js
FN:18,ChartBuilderService
FN:21,(anonymous_4)
FN:22,(anonymous_5)
FNF:3
FNH:0
FNDA:0,ChartBuilderService
FNDA:0,(anonymous_4)
FNDA:0,(anonymous_5)
DA:1,0
DA:2,0
DA:3,0
DA:4,0
DA:5,0
DA:6,0
DA:7,0
DA:9,0
DA:10,0
DA:12,0
DA:13,0
DA:14,0
DA:15,0
DA:18,0
DA:20,0
DA:21,0
DA:22,0
DA:23,0
DA:24,0
DA:25,0
DA:26,0
DA:27,0
DA:30,0
DA:31,0
DA:33,0
DA:34,0
DA:36,0
DA:37,0
DA:39,0
DA:40,0
DA:42,0
DA:43,0
DA:45,0
DA:46,0
DA:48,0
DA:49,0
DA:52,0
DA:53,0
DA:55,0
DA:56,0
DA:59,0
DA:60,0
DA:62,0
DA:63,0
DA:65,0
DA:66,0
DA:68,0
DA:69,0
DA:71,0
DA:73,0
DA:74,0
DA:75,0
DA:76,0
DA:78,0
DA:81,0
DA:88,0
DA:89,0
DA:90,0
DA:91,0
DA:92,0
DA:93,0
DA:98,0
LF:62
LH:0
BRDA:20,0,0,0
BRDA:20,0,1,0
BRDA:20,1,0,0
BRDA:20,1,1,0
BRDA:24,2,0,0
BRDA:24,2,1,0
BRDA:29,3,0,0
BRDA:29,3,1,0
BRDA:29,3,2,0
BRDA:29,3,3,0
BRDA:29,3,4,0
BRDA:29,3,5,0
BRDA:29,3,6,0
BRDA:29,3,7,0
BRDA:29,3,8,0
BRDA:29,3,9,0
BRDA:29,3,10,0
BRDA:29,3,11,0
BRDA:29,3,12,0
BRDA:29,3,13,0
BRDA:73,4,0,0
BRDA:73,4,1,0
BRDA:88,5,0,0
BRDA:88,5,1,0
BRDA:88,6,0,0
BRDA:88,6,1,0
BRDA:89,7,0,0
BRDA:89,7,1,0
BRDA:91,8,0,0
BRDA:91,8,1,0
BRF:30
BRH:0
end_of_record
TN:
SF:C:\Users\Rodrigo Fagundes\Documents\Projetos\smartlab-charts\generalChartBuilderService.js
FN:4,GeneralChartBuilderService
FNF:1
FNH:0
FNDA:0,GeneralChartBuilderService
DA:4,0
DA:7,0
DA:8,0
DA:11,0
DA:13,0
DA:17,0
DA:18,0
DA:29,0
DA:37,0
DA:38,0
DA:39,0
DA:40,0
DA:42,0
LF:13
LH:0
BRDA:8,0,0,0
BRDA:8,0,1,0
BRDA:8,1,0,0
BRDA:8,1,1,0
BRDA:8,1,2,0
BRDA:8,1,3,0
BRDA:8,1,4,0
BRDA:17,2,0,0
BRDA:17,2,1,0
BRDA:17,3,0,0
BRDA:17,3,1,0
BRDA:37,4,0,0
BRDA:37,4,1,0
BRDA:37,5,0,0
BRDA:37,5,1,0
BRDA:37,6,0,0
BRDA:37,6,1,0
BRDA:37,7,0,0
BRDA:37,7,1,0
BRDA:37,8,0,0
BRDA:37,8,1,0
BRDA:37,9,0,0
BRDA:37,9,1,0
BRF:23
BRH:0
end_of_record
TN:
SF:C:\Users\Rodrigo Fagundes\Documents\Projetos\smartlab-charts\d3\calendarChartBuilderService.js
FN:16,CalendarChartBuilderService
FN:44,(anonymous_5)
FN:49,(anonymous_6)
FN:75,(anonymous_7)
FN:83,(anonymous_8)
FN:86,(anonymous_9)
FN:96,(anonymous_10)
FN:97,(anonymous_11)
FN:101,(anonymous_12)
FN:102,(anonymous_13)
FN:106,(anonymous_14)
FN:110,(anonymous_15)
FN:119,monthPath
FN:133,(anonymous_17)
FN:134,(anonymous_18)
FN:136,(anonymous_19)
FN:139,(anonymous_20)
FNF:17
FNH:0
FNDA:0,CalendarChartBuilderService
FNDA:0,(anonymous_5)
FNDA:0,(anonymous_6)
FNDA:0,(anonymous_7)
FNDA:0,(anonymous_8)
FNDA:0,(anonymous_9)
FNDA:0,(anonymous_10)
FNDA:0,(anonymous_11)
FNDA:0,(anonymous_12)
FNDA:0,(anonymous_13)
FNDA:0,(anonymous_14)
FNDA:0,(anonymous_15)
FNDA:0,monthPath
FNDA:0,(anonymous_17)
FNDA:0,(anonymous_18)
FNDA:0,(anonymous_19)
FNDA:0,(anonymous_20)
DA:1,0
DA:16,0
DA:18,0
DA:20,0
DA:21,0
DA:23,0
DA:24,0
DA:25,0
DA:27,0
DA:34,0
DA:35,0
DA:36,0
DA:38,0
DA:39,0
DA:40,0
DA:42,0
DA:44,0
DA:47,0
DA:49,0
DA:50,0
DA:51,0
DA:53,0
DA:54,0
DA:58,0
DA:59,0
DA:60,0
DA:63,0
DA:64,0
DA:70,0
DA:76,0
DA:79,0
DA:83,0
DA:85,0
DA:86,0
DA:96,0
DA:97,0
DA:100,0
DA:101,0
DA:102,0
DA:105,0
DA:106,0
DA:109,0
DA:110,0
DA:120,0
DA:121,0
DA:122,0
DA:123,0
DA:130,0
DA:131,0
DA:132,0
DA:133,0
DA:134,0
DA:136,0
DA:139,0
LF:54
LH:0
BRDA:25,0,0,0
BRDA:25,0,1,0
BRDA:30,1,0,0
BRDA:30,1,1,0
BRDA:30,2,0,0
BRDA:30,2,1,0
BRDA:18,3,0,0
BRDA:18,3,1,0
BRDA:58,4,0,0
BRDA:58,4,1,0
BRDA:106,5,0,0
BRDA:106,5,1,0
BRDA:139,6,0,0
BRDA:139,6,1,0
BRF:14
BRH:0
end_of_record
TN:
SF:C:\Users\Rodrigo Fagundes\Documents\Projetos\smartlab-charts\d3\sankeyChartBuilderService.js
FN:5,SankeyChartBuilderService
FN:9,(anonymous_5)
FN:13,(anonymous_6)
FN:29,(anonymous_7)
FN:36,(anonymous_8)
FN:37,(anonymous_9)
FN:45,(anonymous_10)
FN:46,(anonymous_11)
FN:47,(anonymous_12)
FN:48,(anonymous_13)
FN:49,(anonymous_14)
FN:51,(anonymous_15)
FN:58,(anonymous_16)
FN:63,(anonymous_17)
FN:70,(anonymous_18)
FN:77,(anonymous_19)
FN:78,(anonymous_20)
FN:80,(anonymous_21)
FN:81,(anonymous_22)
FNF:19
FNH:0
FNDA:0,SankeyChartBuilderService
FNDA:0,(anonymous_5)
FNDA:0,(anonymous_6)
FNDA:0,(anonymous_7)
FNDA:0,(anonymous_8)
FNDA:0,(anonymous_9)
FNDA:0,(anonymous_10)
FNDA:0,(anonymous_11)
FNDA:0,(anonymous_12)
FNDA:0,(anonymous_13)
FNDA:0,(anonymous_14)
FNDA:0,(anonymous_15)
FNDA:0,(anonymous_16)
FNDA:0,(anonymous_17)
FNDA:0,(anonymous_18)
FNDA:0,(anonymous_19)
FNDA:0,(anonymous_20)
FNDA:0,(anonymous_21)
FNDA:0,(anonymous_22)
DA:1,0
DA:2,0
DA:5,0
DA:8,0
DA:9,0
DA:10,0
DA:11,0
DA:13,0
DA:15,0
DA:17,0
DA:18,0
DA:20,0
DA:21,0
DA:22,0
DA:24,0
DA:28,0
DA:29,0
DA:35,0
DA:36,0
DA:37,0
DA:41,0
DA:45,0
DA:46,0
DA:47,0
DA:48,0
DA:49,0
DA:51,0
DA:53,0
DA:58,0
DA:61,0
DA:63,0
DA:69,0
DA:70,0
DA:72,0
DA:77,0
DA:78,0
DA:80,0
DA:81,0
LF:38
LH:0
BRDA:8,0,0,0
BRDA:8,0,1,0
BRDA:58,1,0,0
BRDA:58,1,1,0
BRDA:77,2,0,0
BRDA:77,2,1,0
BRDA:80,3,0,0
BRDA:80,3,1,0
BRF:8
BRH:0
end_of_record
TN:
SF:C:\Users\Rodrigo Fagundes\Documents\Projetos\smartlab-charts\d3plus\barChartBuilderService.js
FN:4,BarChartBuilderService
FN:44,(anonymous_4)
FN:81,label
FN:91,body
FN:98,title
FN:104,(anonymous_9)
FN:106,(anonymous_10)
FN:109,(anonymous_11)
FN:152,(anonymous_13)
FN:155,(anonymous_14)
FN:158,(anonymous_15)
FNF:11
FNH:0
FNDA:0,BarChartBuilderService
FNDA:0,(anonymous_4)
FNDA:0,label
FNDA:0,body
FNDA:0,title
FNDA:0,(anonymous_9)
FNDA:0,(anonymous_10)
FNDA:0,(anonymous_11)
FNDA:0,(anonymous_13)
FNDA:0,(anonymous_14)
FNDA:0,(anonymous_15)
DA:1,0
DA:4,0
DA:9,0
DA:11,0
DA:12,0
DA:13,0
DA:16,0
DA:17,0
DA:18,0
DA:19,0
DA:22,0
DA:23,0
DA:24,0
DA:25,0
DA:26,0
DA:27,0
DA:29,0
DA:30,0
DA:31,0
DA:36,0
DA:37,0
DA:38,0
DA:41,0
DA:45,0
DA:52,0
DA:56,0
DA:57,0
DA:58,0
DA:60,0
DA:71,0
DA:72,0
DA:74,0
DA:81,0
DA:92,0
DA:93,0
DA:95,0
DA:98,0
DA:101,0
DA:102,0
DA:103,0
DA:104,0
DA:106,0
DA:108,0
DA:109,0
DA:111,0
DA:114,0
DA:117,0
DA:119,0
DA:120,0
DA:122,0
DA:123,0
DA:124,0
DA:125,0
DA:128,0
DA:129,0
DA:130,0
DA:131,0
DA:134,0
DA:135,0
DA:140,0
DA:146,0
DA:152,0
DA:155,0
DA:158,0
DA:160,0
DA:164,0
DA:166,0
DA:168,0
DA:169,0
DA:170,0
DA:172,0
DA:173,0
DA:174,0
DA:176,0
DA:177,0
DA:178,0
DA:179,0
DA:180,0
DA:181,0
DA:182,0
DA:183,0
DA:184,0
DA:186,0
DA:189,0
LF:84
LH:0
BRDA:4,0,0,0
BRDA:4,0,1,0
BRDA:11,1,0,0
BRDA:11,1,1,0
BRDA:11,2,0,0
BRDA:11,2,1,0
BRDA:11,2,2,0
BRDA:16,3,0,0
BRDA:16,3,1,0
BRDA:16,4,0,0
BRDA:16,4,1,0
BRDA:18,5,0,0
BRDA:18,5,1,0
BRDA:22,6,0,0
BRDA:22,6,1,0
BRDA:26,7,0,0
BRDA:26,7,1,0
BRDA:22,8,0,0
BRDA:22,8,1,0
BRDA:36,9,0,0
BRDA:36,9,1,0
BRDA:45,10,0,0
BRDA:45,10,1,0
BRDA:57,11,0,0
BRDA:57,11,1,0
BRDA:63,12,0,0
BRDA:63,12,1,0
BRDA:71,13,0,0
BRDA:71,13,1,0
BRDA:72,14,0,0
BRDA:72,14,1,0
BRDA:77,15,0,0
BRDA:77,15,1,0
BRDA:81,16,0,0
BRDA:81,16,1,0
BRDA:92,17,0,0
BRDA:92,17,1,0
BRDA:101,18,0,0
BRDA:101,18,1,0
BRDA:101,19,0,0
BRDA:101,19,1,0
BRDA:102,20,0,0
BRDA:102,20,1,0
BRDA:108,21,0,0
BRDA:108,21,1,0
BRDA:108,22,0,0
BRDA:108,22,1,0
BRDA:108,22,2,0
BRDA:109,23,0,0
BRDA:109,23,1,0
BRDA:109,24,0,0
BRDA:109,24,1,0
BRDA:117,25,0,0
BRDA:117,25,1,0
BRDA:122,26,0,0
BRDA:122,26,1,0
BRDA:122,27,0,0
BRDA:122,27,1,0
BRDA:123,28,0,0
BRDA:123,28,1,0
BRDA:124,29,0,0
BRDA:124,29,1,0
BRDA:128,30,0,0
BRDA:128,30,1,0
BRDA:128,31,0,0
BRDA:128,31,1,0
BRDA:129,32,0,0
BRDA:129,32,1,0
BRDA:130,33,0,0
BRDA:130,33,1,0
BRDA:134,34,0,0
BRDA:134,34,1,0
BRDA:155,35,0,0
BRDA:155,35,1,0
BRDA:168,36,0,0
BRDA:168,36,1,0
BRDA:169,37,0,0
BRDA:169,37,1,0
BRDA:170,38,0,0
BRDA:170,38,1,0
BRF:80
BRH:0
end_of_record
TN:
SF:C:\Users\Rodrigo Fagundes\Documents\Projetos\smartlab-charts\d3plus\boxplotChartBuilderService.js
FN:4,BoxplotChartBuilderService
FN:30,body
FN:37,title
FNF:3
FNH:0
FNDA:0,BoxplotChartBuilderService
FNDA:0,body
FNDA:0,title
DA:1,0
DA:4,0
DA:9,0
DA:19,0
DA:23,0
DA:24,0
DA:25,0
DA:27,0
DA:31,0
DA:32,0
DA:34,0
DA:37,0
DA:40,0
LF:13
LH:0
BRDA:4,0,0,0
BRDA:4,0,1,0
BRDA:24,1,0,0
BRDA:24,1,1,0
BRDA:31,2,0,0
BRDA:31,2,1,0
BRF:6
BRH:0
end_of_record
TN:
SF:C:\Users\Rodrigo Fagundes\Documents\Projetos\smartlab-charts\d3plus\d3plusChartBuilderService.js
FN:5,D3PlusChartBuilderService
FN:23,(anonymous_5)
FNF:2
FNH:0
FNDA:0,D3PlusChartBuilderService
FNDA:0,(anonymous_5)
DA:1,0
DA:2,0
DA:5,0
DA:10,0
DA:11,0
DA:12,0
DA:14,0
DA:22,0
DA:24,0
DA:25,0
DA:26,0
DA:33,0
DA:34,0
DA:35,0
DA:36,0
DA:37,0
DA:38,0
DA:41,0
DA:42,0
DA:45,0
DA:49,0
DA:50,0
DA:51,0
LF:23
LH:0
BRDA:5,0,0,0
BRDA:5,0,1,0
BRDA:10,1,0,0
BRDA:10,1,1,0
BRDA:10,2,0,0
BRDA:10,2,1,0
BRDA:24,3,0,0
BRDA:24,3,1,0
BRDA:33,4,0,0
BRDA:33,4,1,0
BRDA:33,5,0,0
BRDA:33,5,1,0
BRDA:33,5,2,0
BRDA:35,6,0,0
BRDA:35,6,1,0
BRDA:35,7,0,0
BRDA:35,7,1,0
BRDA:35,7,2,0
BRDA:37,8,0,0
BRDA:37,8,1,0
BRDA:37,9,0,0
BRDA:37,9,1,0
BRDA:37,9,2,0
BRDA:41,10,0,0
BRDA:41,10,1,0
BRDA:41,11,0,0
BRDA:41,11,1,0
BRF:27
BRH:0
end_of_record
TN:
SF:C:\Users\Rodrigo Fagundes\Documents\Projetos\smartlab-charts\d3plus\lineChartBuilderService.js
FN:4,LineChartBuilderService
FN:29,(anonymous_4)
FN:48,(anonymous_5)
FN:74,label
FN:83,body
FN:90,title
FNF:6
FNH:0
FNDA:0,LineChartBuilderService
FNDA:0,(anonymous_4)
FNDA:0,(anonymous_5)
FNDA:0,label
FNDA:0,body
FNDA:0,title
DA:1,0
DA:4,0
DA:9,0
DA:10,0
DA:11,0
DA:12,0
DA:13,0
DA:14,0
DA:16,0
DA:17,0
DA:18,0
DA:19,0
DA:21,0
DA:22,0
DA:27,0
DA:28,0
DA:29,0
DA:30,0
DA:31,0
DA:34,0
DA:35,0
DA:36,0
DA:37,0
DA:40,0
DA:48,0
DA:53,0
DA:57,0
DA:58,0
DA:59,0
DA:61,0
DA:62,0
DA:64,0
DA:65,0
DA:67,0
DA:74,0
DA:84,0
DA:85,0
DA:87,0
DA:90,0
DA:93,0
LF:40
LH:0
BRDA:4,0,0,0
BRDA:4,0,1,0
BRDA:11,1,0,0
BRDA:11,1,1,0
BRDA:13,2,0,0
BRDA:13,2,1,0
BRDA:16,3,0,0
BRDA:16,3,1,0
BRDA:19,4,0,0
BRDA:19,4,1,0
BRDA:19,5,0,0
BRDA:19,5,1,0
BRDA:16,6,0,0
BRDA:16,6,1,0
BRDA:27,7,0,0
BRDA:27,7,1,0
BRDA:28,8,0,0
BRDA:28,8,1,0
BRDA:28,9,0,0
BRDA:28,9,1,0
BRDA:30,10,0,0
BRDA:30,10,1,0
BRDA:30,11,0,0
BRDA:30,11,1,0
BRDA:34,12,0,0
BRDA:34,12,1,0
BRDA:35,13,0,0
BRDA:35,13,1,0
BRDA:35,14,0,0
BRDA:35,14,1,0
BRDA:35,14,2,0
BRDA:58,15,0,0
BRDA:58,15,1,0
BRDA:64,16,0,0
BRDA:64,16,1,0
BRDA:64,17,0,0
BRDA:64,17,1,0
BRDA:65,18,0,0
BRDA:65,18,1,0
BRDA:65,19,0,0
BRDA:65,19,1,0
BRDA:74,20,0,0
BRDA:74,20,1,0
BRDA:84,21,0,0
BRDA:84,21,1,0
BRF:45
BRH:0
end_of_record
TN:
SF:C:\Users\Rodrigo Fagundes\Documents\Projetos\smartlab-charts\d3plus\scatterChartBuilderService.js
FN:4,ScatterChartBuilderService
FN:33,text
FN:45,body
FN:52,title
FNF:4
FNH:0
FNDA:0,ScatterChartBuilderService
FNDA:0,text
FNDA:0,body
FNDA:0,title
DA:1,0
DA:4,0
DA:9,0
DA:19,0
DA:23,0
DA:24,0
DA:25,0
DA:27,0
DA:28,0
DA:33,0
DA:34,0
DA:35,0
DA:37,0
DA:38,0
DA:39,0
DA:41,0
DA:46,0
DA:47,0
DA:49,0
DA:52,0
DA:55,0
LF:21
LH:0
BRDA:4,0,0,0
BRDA:4,0,1,0
BRDA:24,1,0,0
BRDA:24,1,1,0
BRDA:31,2,0,0
BRDA:31,2,1,0
BRDA:35,3,0,0
BRDA:35,3,1,0
BRDA:33,4,0,0
BRDA:33,4,1,0
BRDA:46,5,0,0
BRDA:46,5,1,0
BRF:12
BRH:0
end_of_record
TN:
SF:C:\Users\Rodrigo Fagundes\Documents\Projetos\smartlab-charts\d3plus\stackedLineChartBuilderService.js
FN:4,StackedLineChartBuilderService
FN:18,(anonymous_4)
FN:62,body
FN:69,title
FNF:4
FNH:0
FNDA:0,StackedLineChartBuilderService
FNDA:0,(anonymous_4)
FNDA:0,body
FNDA:0,title
DA:1,0
DA:4,0
DA:9,0
DA:10,0
DA:11,0
DA:15,0
DA:18,0
DA:24,0
DA:28,0
DA:29,0
DA:30,0
DA:32,0
DA:33,0
DA:35,0
DA:36,0
DA:38,0
DA:43,0
DA:44,0
DA:45,0
DA:46,0
DA:49,0
DA:63,0
DA:64,0
DA:66,0
DA:70,0
DA:74,0
DA:75,0
DA:77,0
DA:78,0
DA:82,0
DA:83,0
DA:84,0
DA:85,0
DA:86,0
DA:87,0
DA:90,0
LF:36
LH:0
BRDA:4,0,0,0
BRDA:4,0,1,0
BRDA:9,1,0,0
BRDA:9,1,1,0
BRDA:9,2,0,0
BRDA:9,2,1,0
BRDA:11,3,0,0
BRDA:11,3,1,0
BRDA:11,4,0,0
BRDA:11,4,1,0
BRDA:9,5,0,0
BRDA:9,5,1,0
BRDA:29,6,0,0
BRDA:29,6,1,0
BRDA:35,7,0,0
BRDA:35,7,1,0
BRDA:35,8,0,0
BRDA:35,8,1,0
BRDA:36,9,0,0
BRDA:36,9,1,0
BRDA:36,10,0,0
BRDA:36,10,1,0
BRDA:39,11,0,0
BRDA:39,11,1,0
BRDA:40,12,0,0
BRDA:40,12,1,0
BRDA:43,13,0,0
BRDA:43,13,1,0
BRDA:45,14,0,0
BRDA:45,14,1,0
BRDA:45,15,0,0
BRDA:45,15,1,0
BRDA:51,16,0,0
BRDA:51,16,1,0
BRDA:63,17,0,0
BRDA:63,17,1,0
BRDA:74,18,0,0
BRDA:74,18,1,0
BRDA:74,19,0,0
BRDA:74,19,1,0
BRDA:74,19,2,0
BRDA:77,20,0,0
BRDA:77,20,1,0
BRDA:77,21,0,0
BRDA:77,21,1,0
BRDA:82,22,0,0
BRDA:82,22,1,0
BRDA:82,23,0,0
BRDA:82,23,1,0
BRDA:82,23,2,0
BRDA:84,24,0,0
BRDA:84,24,1,0
BRDA:84,25,0,0
BRDA:84,25,1,0
BRDA:84,25,2,0
BRDA:86,26,0,0
BRDA:86,26,1,0
BRDA:86,27,0,0
BRDA:86,27,1,0
BRDA:86,27,2,0
BRF:60
BRH:0
end_of_record
TN:
SF:C:\Users\Rodrigo Fagundes\Documents\Projetos\smartlab-charts\d3plus\topoJsonChartBuilderService.js
FN:6,TopoJsonChartBuilderService
FN:22,fill
FN:31,fill
FN:80,(anonymous_6)
FN:97,fill
FN:107,(anonymous_8)
FN:113,(anonymous_9)
FN:145,strokeWidth
FN:152,body
FN:159,title
FNF:10
FNH:0
FNDA:0,TopoJsonChartBuilderService
FNDA:0,fill
FNDA:0,fill
FNDA:0,(anonymous_6)
FNDA:0,fill
FNDA:0,(anonymous_8)
FNDA:0,(anonymous_9)
FNDA:0,strokeWidth
FNDA:0,body
FNDA:0,title
DA:1,0
DA:6,0
DA:11,0
DA:12,0
DA:13,0
DA:14,0
DA:15,0
DA:16,0
DA:19,0
DA:20,0
DA:23,0
DA:24,0
DA:28,0
DA:29,0
DA:32,0
DA:33,0
DA:34,0
DA:35,0
DA:36,0
DA:38,0
DA:42,0
DA:43,0
DA:45,0
DA:46,0
DA:47,0
DA:48,0
DA:50,0
DA:51,0
DA:56,0
DA:57,0
DA:58,0
DA:59,0
DA:60,0
DA:61,0
DA:62,0
DA:64,0
DA:68,0
DA:70,0
DA:71,0
DA:72,0
DA:73,0
DA:74,0
DA:75,0
DA:76,0
DA:77,0
DA:80,0
DA:81,0
DA:82,0
DA:83,0
DA:87,0
DA:88,0
DA:93,0
DA:95,0
DA:97,0
DA:103,0
DA:107,0
DA:110,0
DA:111,0
DA:112,0
DA:113,0
DA:114,0
DA:115,0
DA:116,0
DA:117,0
DA:118,0
DA:119,0
DA:122,0
DA:125,0
DA:129,0
DA:135,0
DA:136,0
DA:137,0
DA:138,0
DA:140,0
DA:145,0
DA:153,0
DA:154,0
DA:156,0
DA:159,0
DA:163,0
LF:80
LH:0
BRDA:6,0,0,0
BRDA:6,0,1,0
BRDA:11,1,0,0
BRDA:11,1,1,0
BRDA:15,2,0,0
BRDA:15,2,1,0
BRDA:15,3,0,0
BRDA:15,3,1,0
BRDA:19,4,0,0
BRDA:19,4,1,0
BRDA:24,5,0,0
BRDA:24,5,1,0
BRDA:28,6,0,0
BRDA:28,6,1,0
BRDA:33,7,0,0
BRDA:33,7,1,0
BRDA:35,8,0,0
BRDA:35,8,1,0
BRDA:47,9,0,0
BRDA:47,9,1,0
BRDA:50,10,0,0
BRDA:50,10,1,0
BRDA:42,11,0,0
BRDA:42,11,1,0
BRDA:56,12,0,0
BRDA:56,12,1,0
BRDA:58,13,0,0
BRDA:58,13,1,0
BRDA:59,14,0,0
BRDA:59,14,1,0
BRDA:59,15,0,0
BRDA:59,15,1,0
BRDA:61,16,0,0
BRDA:61,16,1,0
BRDA:61,17,0,0
BRDA:61,17,1,0
BRDA:70,18,0,0
BRDA:70,18,1,0
BRDA:70,19,0,0
BRDA:70,19,1,0
BRDA:74,20,0,0
BRDA:74,20,1,0
BRDA:76,21,0,0
BRDA:76,21,1,0
BRDA:87,22,0,0
BRDA:87,22,1,0
BRDA:97,23,0,0
BRDA:97,23,1,0
BRDA:112,24,0,0
BRDA:112,24,1,0
BRDA:114,25,0,0
BRDA:114,25,1,0
BRDA:114,26,0,0
BRDA:114,26,1,0
BRDA:115,27,0,0
BRDA:115,27,1,0
BRDA:116,28,0,0
BRDA:116,28,1,0
BRDA:117,29,0,0
BRDA:117,29,1,0
BRDA:119,30,0,0
BRDA:119,30,1,0
BRDA:129,31,0,0
BRDA:129,31,1,0
BRDA:129,31,2,0
BRDA:136,32,0,0
BRDA:136,32,1,0
BRDA:137,33,0,0
BRDA:137,33,1,0
BRDA:137,34,0,0
BRDA:137,34,1,0
BRDA:142,35,0,0
BRDA:142,35,1,0
BRDA:145,36,0,0
BRDA:145,36,1,0
BRDA:145,37,0,0
BRDA:145,37,1,0
BRDA:145,37,2,0
BRDA:145,37,3,0
BRDA:145,37,4,0
BRDA:149,38,0,0
BRDA:149,38,1,0
BRDA:150,39,0,0
BRDA:150,39,1,0
BRDA:150,40,0,0
BRDA:150,40,1,0
BRDA:153,41,0,0
BRDA:153,41,1,0
BRF:88
BRH:0
end_of_record
TN:
SF:C:\Users\Rodrigo Fagundes\Documents\Projetos\smartlab-charts\d3plus\treemapChartBuilderService.js
FN:4,TreemapChartBuilderService
FN:30,(anonymous_4)
FN:58,(anonymous_5)
FN:63,(anonymous_6)
FN:76,(anonymous_7)
FN:117,body
FN:124,title
FNF:7
FNH:0
FNDA:0,TreemapChartBuilderService
FNDA:0,(anonymous_4)
FNDA:0,(anonymous_5)
FNDA:0,(anonymous_6)
FNDA:0,(anonymous_7)
FNDA:0,body
FNDA:0,title
DA:1,0
DA:4,0
DA:9,0
DA:10,0
DA:11,0
DA:14,0
DA:16,0
DA:17,0
DA:18,0
DA:19,0
DA:20,0
DA:21,0
DA:22,0
DA:27,0
DA:29,0
DA:30,0
DA:31,0
DA:32,0
DA:33,0
DA:34,0
DA:35,0
DA:36,0
DA:39,0
DA:40,0
DA:41,0
DA:42,0
DA:45,0
DA:46,0
DA:47,0
DA:48,0
DA:50,0
DA:56,0
DA:58,0
DA:62,0
DA:63,0
DA:66,0
DA:67,0
DA:68,0
DA:70,0
DA:73,0
DA:77,0
DA:78,0
DA:83,0
DA:87,0
DA:88,0
DA:89,0
DA:91,0
DA:118,0
DA:119,0
DA:121,0
DA:124,0
DA:127,0
LF:52
LH:0
BRDA:4,0,0,0
BRDA:4,0,1,0
BRDA:9,1,0,0
BRDA:9,1,1,0
BRDA:9,2,0,0
BRDA:9,2,1,0
BRDA:14,3,0,0
BRDA:14,3,1,0
BRDA:14,4,0,0
BRDA:14,4,1,0
BRDA:14,4,2,0
BRDA:16,5,0,0
BRDA:16,5,1,0
BRDA:17,6,0,0
BRDA:17,6,1,0
BRDA:19,7,0,0
BRDA:19,7,1,0
BRDA:27,8,0,0
BRDA:27,8,1,0
BRDA:29,9,0,0
BRDA:29,9,1,0
BRDA:35,10,0,0
BRDA:35,10,1,0
BRDA:36,11,0,0
BRDA:36,11,1,0
BRDA:31,12,0,0
BRDA:31,12,1,0
BRDA:39,13,0,0
BRDA:39,13,1,0
BRDA:41,14,0,0
BRDA:41,14,1,0
BRDA:45,15,0,0
BRDA:45,15,1,0
BRDA:46,16,0,0
BRDA:46,16,1,0
BRDA:48,17,0,0
BRDA:48,17,1,0
BRDA:48,18,0,0
BRDA:48,18,1,0
BRDA:56,19,0,0
BRDA:56,19,1,0
BRDA:62,20,0,0
BRDA:62,20,1,0
BRDA:66,21,0,0
BRDA:66,21,1,0
BRDA:68,22,0,0
BRDA:68,22,1,0
BRDA:78,23,0,0
BRDA:78,23,1,0
BRDA:78,24,0,0
BRDA:78,24,1,0
BRDA:88,25,0,0
BRDA:88,25,1,0
BRDA:96,26,0,0
BRDA:96,26,1,0
BRDA:103,27,0,0
BRDA:103,27,1,0
BRDA:118,28,0,0
BRDA:118,28,1,0
BRF:59
BRH:0
end_of_record
TN:
SF:C:\Users\Rodrigo Fagundes\Documents\Projetos\smartlab-charts\leaflet\bubblesChartBuilderService.js
FN:7,BubblesChartBuilderService
FNF:1
FNH:0
FNDA:0,BubblesChartBuilderService
DA:1,0
DA:7,0
DA:11,0
DA:13,0
DA:14,0
DA:16,0
DA:17,0
DA:19,0
DA:21,0
DA:23,0
DA:24,0
DA:26,0
DA:27,0
DA:28,0
DA:29,0
DA:33,0
DA:34,0
DA:35,0
DA:37,0
DA:39,0
DA:42,0
DA:45,0
DA:69,0
DA:74,0
DA:78,0
DA:79,0
DA:80,0
DA:81,0
DA:83,0
LF:29
LH:0
BRDA:7,0,0,0
BRDA:7,0,1,0
BRDA:11,1,0,0
BRDA:11,1,1,0
BRDA:11,2,0,0
BRDA:11,2,1,0
BRDA:13,3,0,0
BRDA:13,3,1,0
BRDA:13,4,0,0
BRDA:13,4,1,0
BRDA:13,4,2,0
BRDA:14,5,0,0
BRDA:14,5,1,0
BRDA:14,6,0,0
BRDA:14,6,1,0
BRDA:14,6,2,0
BRDA:16,7,0,0
BRDA:16,7,1,0
BRDA:17,8,0,0
BRDA:17,8,1,0
BRDA:23,9,0,0
BRDA:23,9,1,0
BRDA:24,10,0,0
BRDA:24,10,1,0
BRDA:11,11,0,0
BRDA:11,11,1,0
BRDA:34,12,0,0
BRDA:34,12,1,0
BRDA:34,13,0,0
BRDA:34,13,1,0
BRDA:34,13,2,0
BRDA:34,13,3,0
BRDA:39,14,0,0
BRDA:39,14,1,0
BRDA:49,15,0,0
BRDA:49,15,1,0
BRDA:51,16,0,0
BRDA:51,16,1,0
BRDA:52,17,0,0
BRDA:52,17,1,0
BRDA:54,18,0,0
BRDA:54,18,1,0
BRDA:54,19,0,0
BRDA:54,19,1,0
BRDA:56,20,0,0
BRDA:56,20,1,0
BRDA:58,21,0,0
BRDA:58,21,1,0
BRDA:59,22,0,0
BRDA:59,22,1,0
BRDA:62,23,0,0
BRDA:62,23,1,0
BRDA:63,24,0,0
BRDA:63,24,1,0
BRDA:64,25,0,0
BRDA:64,25,1,0
BRDA:64,26,0,0
BRDA:64,26,1,0
BRDA:35,27,0,0
BRDA:35,27,1,0
BRDA:80,28,0,0
BRDA:80,28,1,0
BRF:62
BRH:0
end_of_record
TN:
SF:C:\Users\Rodrigo Fagundes\Documents\Projetos\smartlab-charts\leaflet\clusterChartBuilderService.js
FN:4,ClusterChartBuilderService
FNF:1
FNH:0
FNDA:0,ClusterChartBuilderService
DA:1,0
DA:4,0
DA:8,0
DA:10,0
DA:19,0
DA:20,0
DA:22,0
DA:23,0
DA:35,0
DA:36,0
DA:38,0
DA:39,0
DA:40,0
DA:52,0
DA:53,0
LF:15
LH:0
BRDA:4,0,0,0
BRDA:4,0,1,0
BRDA:8,1,0,0
BRDA:8,1,1,0
BRDA:8,2,0,0
BRDA:8,2,1,0
BRDA:19,3,0,0
BRDA:19,3,1,0
BRDA:19,4,0,0
BRDA:19,4,1,0
BRDA:22,5,0,0
BRDA:22,5,1,0
BRDA:22,6,0,0
BRDA:22,6,1,0
BRDA:36,7,0,0
BRDA:36,7,1,0
BRDA:39,8,0,0
BRDA:39,8,1,0
BRDA:44,9,0,0
BRDA:44,9,1,0
BRDA:8,10,0,0
BRDA:8,10,1,0
BRF:22
BRH:0
end_of_record
TN:
SF:C:\Users\Rodrigo Fagundes\Documents\Projetos\smartlab-charts\leaflet\heatChartBuilderService.js
FN:4,HeatChartBuilderService
FNF:1
FNH:0
FNDA:0,HeatChartBuilderService
DA:1,0
DA:4,0
DA:8,0
DA:9,0
DA:10,0
DA:12,0
DA:13,0
DA:14,0
DA:22,0
LF:9
LH:0
BRDA:4,0,0,0
BRDA:4,0,1,0
BRDA:8,1,0,0
BRDA:8,1,1,0
BRDA:8,2,0,0
BRDA:8,2,1,0
BRDA:10,3,0,0
BRDA:10,3,1,0
BRDA:13,4,0,0
BRDA:13,4,1,0
BRDA:8,5,0,0
BRDA:8,5,1,0
BRF:12
BRH:0
end_of_record
TN:
SF:C:\Users\Rodrigo Fagundes\Documents\Projetos\smartlab-charts\leaflet\leafletChartBuilderService.js
FN:15,LeafletChartBuilderService
FN:68,(anonymous_5)
FN:71,(anonymous_6)
FN:108,createTile
FN:121,(anonymous_10)
FN:222,(anonymous_17)
FN:223,(anonymous_18)
FNF:7
FNH:0
FNDA:0,LeafletChartBuilderService
FNDA:0,(anonymous_5)
FNDA:0,(anonymous_6)
FNDA:0,createTile
FNDA:0,(anonymous_10)
FNDA:0,(anonymous_17)
FNDA:0,(anonymous_18)
DA:1,0
DA:3,0
DA:4,0
DA:15,0
DA:17,0
DA:18,0
DA:19,0
DA:22,0
DA:23,0
DA:24,0
DA:25,0
DA:27,0
DA:31,0
DA:32,0
DA:33,0
DA:34,0
DA:36,0
DA:38,0
DA:44,0
DA:45,0
DA:47,0
DA:49,0
DA:50,0
DA:52,0
DA:53,0
DA:54,0
DA:58,0
DA:60,0
DA:64,0
DA:65,0
DA:66,0
DA:67,0
DA:68,0
DA:69,0
DA:71,0
DA:73,0
DA:78,0
DA:79,0
DA:80,0
DA:82,0
DA:84,0
DA:85,0
DA:87,0
DA:89,0
DA:93,0
DA:94,0
DA:95,0
DA:107,0
DA:109,0
DA:111,0
DA:113,0
DA:114,0
DA:116,0
DA:120,0
DA:121,0
DA:123,0
DA:130,0
DA:139,0
DA:143,0
DA:144,0
DA:145,0
DA:149,0
DA:156,0
DA:169,0
DA:173,0
DA:174,0
DA:175,0
DA:176,0
DA:180,0
DA:181,0
DA:182,0
DA:183,0
DA:185,0
DA:186,0
DA:187,0
DA:188,0
DA:191,0
DA:193,0
DA:194,0
DA:197,0
DA:198,0
DA:200,0
DA:202,0
DA:203,0
DA:205,0
DA:206,0
DA:207,0
DA:212,0
DA:214,0
DA:218,0
DA:219,0
DA:220,0
DA:221,0
DA:222,0
DA:223,0
DA:225,0
DA:230,0
DA:231,0
DA:232,0
DA:234,0
DA:235,0
DA:237,0
DA:242,0
DA:243,0
DA:244,0
LF:105
LH:0
BRDA:15,0,0,0
BRDA:15,0,1,0
BRDA:31,1,0,0
BRDA:31,1,1,0
BRDA:32,2,0,0
BRDA:32,2,1,0
BRDA:33,3,0,0
BRDA:33,3,1,0
BRDA:34,4,0,0
BRDA:34,4,1,0
BRDA:34,5,0,0
BRDA:34,5,1,0
BRDA:47,6,0,0
BRDA:47,6,1,0
BRDA:47,7,0,0
BRDA:47,7,1,0
BRDA:53,8,0,0
BRDA:53,8,1,0
BRDA:64,9,0,0
BRDA:64,9,1,0
BRDA:64,10,0,0
BRDA:64,10,1,0
BRDA:65,11,0,0
BRDA:65,11,1,0
BRDA:65,12,0,0
BRDA:65,12,1,0
BRDA:65,12,2,0
BRDA:67,13,0,0
BRDA:67,13,1,0
BRDA:67,14,0,0
BRDA:67,14,1,0
BRDA:67,14,2,0
BRDA:85,15,0,0
BRDA:85,15,1,0
BRDA:94,16,0,0
BRDA:94,16,1,0
BRDA:111,17,0,0
BRDA:111,17,1,0
BRDA:173,18,0,0
BRDA:173,18,1,0
BRDA:173,19,0,0
BRDA:173,19,1,0
BRDA:185,20,0,0
BRDA:185,20,1,0
BRDA:185,21,0,0
BRDA:185,21,1,0
BRDA:193,22,0,0
BRDA:193,22,1,0
BRDA:200,23,0,0
BRDA:200,23,1,0
BRDA:200,24,0,0
BRDA:200,24,1,0
BRDA:206,25,0,0
BRDA:206,25,1,0
BRDA:218,26,0,0
BRDA:218,26,1,0
BRDA:218,27,0,0
BRDA:218,27,1,0
BRDA:219,28,0,0
BRDA:219,28,1,0
BRDA:219,29,0,0
BRDA:219,29,1,0
BRDA:219,29,2,0
BRDA:221,30,0,0
BRDA:221,30,1,0
BRDA:221,31,0,0
BRDA:221,31,1,0
BRDA:221,31,2,0
BRDA:235,32,0,0
BRDA:235,32,1,0
BRDA:244,33,0,0
BRDA:244,33,1,0
BRF:72
BRH:0
end_of_record
TN:
SF:C:\Users\Rodrigo Fagundes\Documents\Projetos\smartlab-charts\leaflet\polygonsChartBuilderService.js
FN:4,PolygonsChartBuilderService
FN:19,addData
FN:60,mouseover
FN:61,mouseout
FNF:4
FNH:0
FNDA:0,PolygonsChartBuilderService
FNDA:0,addData
FNDA:0,mouseover
FNDA:0,mouseout
DA:1,0
DA:4,0
DA:8,0
DA:11,0
DA:13,0
DA:14,0
DA:15,0
DA:18,0
DA:20,0
DA:21,0
DA:22,0
DA:23,0
DA:26,0
DA:31,0
DA:32,0
DA:33,0
DA:34,0
DA:36,0
DA:39,0
DA:40,0
DA:41,0
DA:42,0
DA:43,0
DA:44,0
DA:45,0
DA:46,0
DA:49,0
DA:51,0
DA:59,0
DA:60,0
DA:61,0
DA:64,0
DA:68,0
DA:69,0
LF:34
LH:0
BRDA:4,0,0,0
BRDA:4,0,1,0
BRDA:8,1,0,0
BRDA:8,1,1,0
BRDA:8,2,0,0
BRDA:8,2,1,0
BRDA:14,3,0,0
BRDA:14,3,1,0
BRDA:14,4,0,0
BRDA:14,4,1,0
BRDA:15,5,0,0
BRDA:15,5,1,0
BRDA:15,6,0,0
BRDA:15,6,1,0
BRDA:8,7,0,0
BRDA:8,7,1,0
BRDA:20,8,0,0
BRDA:20,8,1,0
BRDA:42,9,0,0
BRDA:42,9,1,0
BRDA:43,10,0,0
BRDA:43,10,1,0
BRDA:43,11,0,0
BRDA:43,11,1,0
BRDA:45,12,0,0
BRDA:45,12,1,0
BRDA:49,13,0,0
BRDA:49,13,1,0
BRDA:39,14,0,0
BRDA:39,14,1,0
BRDA:68,15,0,0
BRDA:68,15,1,0
BRF:32
BRH:0
end_of_record
